ARM GAS  C:\Users\18285\AppData\Local\Temp\cc9RpaCd.s 			page 1


   1              		.syntax unified
   2              		.cpu cortex-m3
   3              		.fpu softvfp
   4              		.eabi_attribute 20, 1
   5              		.eabi_attribute 21, 1
   6              		.eabi_attribute 23, 3
   7              		.eabi_attribute 24, 1
   8              		.eabi_attribute 25, 1
   9              		.eabi_attribute 26, 1
  10              		.eabi_attribute 30, 1
  11              		.eabi_attribute 34, 1
  12              		.eabi_attribute 18, 4
  13              		.thumb
  14              		.syntax unified
  15              		.file	"main.c"
  16              		.text
  17              	.Ltext0:
  18              		.cfi_sections	.debug_frame
  19              		.section	.text.isr_timer_EncoderCalculation,"ax",%progbits
  20              		.align	2
  21              		.global	isr_timer_EncoderCalculation
  22              		.thumb
  23              		.thumb_func
  24              		.type	isr_timer_EncoderCalculation, %function
  25              	isr_timer_EncoderCalculation:
  26              	.LFB64:
  27              		.file 1 "main.c"
   1:main.c        **** /* ========================================
   2:main.c        ****  * Fully working code: 
   3:main.c        ****  * PWM      : 
   4:main.c        ****  * Encoder  : 
   5:main.c        ****  * ADC      :
   6:main.c        ****  * USB      : port displays speed and position.
   7:main.c        ****  * CMD: "PW xx"
   8:main.c        ****  * Copyright Univ of Auckland, 2016
   9:main.c        ****  * All Rights Reserved
  10:main.c        ****  * UNPUBLISHED, LICENSED SOFTWARE.
  11:main.c        ****  *
  12:main.c        ****  * CONFIDENTIAL AND PROPRIETARY INFORMATION
  13:main.c        ****  * WHICH IS THE PROPERTY OF Univ of Auckland.
  14:main.c        ****  *
  15:main.c        ****  * ========================================
  16:main.c        **** */
  17:main.c        **** 
  18:main.c        **** #include <stdio.h>
  19:main.c        **** #include <string.h>
  20:main.c        **** #include <stdlib.h>
  21:main.c        **** #include <math.h>
  22:main.c        **** #include <project.h>
  23:main.c        **** //* ========================================
  24:main.c        **** #include "defines.h"
  25:main.c        **** #include "vars.h"
  26:main.c        **** //* ========================================
  27:main.c        **** void usbPutString(char *s);
  28:main.c        **** void usbPutChar(char c);
  29:main.c        **** void handle_usb();
  30:main.c        **** //* ========================================
ARM GAS  C:\Users\18285\AppData\Local\Temp\cc9RpaCd.s 			page 2


  31:main.c        **** volatile int8 flag_encoder = 0;
  32:main.c        **** //* ========================================
  33:main.c        **** CY_ISR(isr_timer_EncoderCalculation){
  28              		.loc 1 33 0
  29              		.cfi_startproc
  30              		@ args = 0, pretend = 0, frame = 0
  31              		@ frame_needed = 0, uses_anonymous_args = 0
  32              		@ link register save eliminated.
  34:main.c        ****     flag_encoder = 1;
  33              		.loc 1 34 0
  34 0000 0122     		movs	r2, #1
  35 0002 014B     		ldr	r3, .L2
  36 0004 1A70     		strb	r2, [r3]
  37 0006 7047     		bx	lr
  38              	.L3:
  39              		.align	2
  40              	.L2:
  41 0008 00000000 		.word	.LANCHOR0
  42              		.cfi_endproc
  43              	.LFE64:
  44              		.size	isr_timer_EncoderCalculation, .-isr_timer_EncoderCalculation
  45              		.section	.text.usbPutString,"ax",%progbits
  46              		.align	2
  47              		.global	usbPutString
  48              		.thumb
  49              		.thumb_func
  50              		.type	usbPutString, %function
  51              	usbPutString:
  52              	.LFB66:
  35:main.c        **** }
  36:main.c        **** 
  37:main.c        **** int main()
  38:main.c        **** {
  39:main.c        **** // --------------------------------    
  40:main.c        **** // ----- INITIALIZATIONS ----------
  41:main.c        ****     CYGlobalIntEnable;
  42:main.c        ****     PWM_1_Start();
  43:main.c        ****     QuadDec_M1_Start();
  44:main.c        ****     Timer_TS_Start();
  45:main.c        ****     isr_TS_StartEx(isr_timer_EncoderCalculation);
  46:main.c        ****     
  47:main.c        ****     double encoder_counter = 0.0;
  48:main.c        ****     
  49:main.c        **** // ------USB SETUP ----------------    
  50:main.c        **** #ifdef USE_USB    
  51:main.c        ****     USBUART_Start(0,USBUART_5V_OPERATION);
  52:main.c        **** #endif        
  53:main.c        ****     QuadDec_M1_SetCounter(0);
  54:main.c        **** 
  55:main.c        ****     
  56:main.c        ****     RF_BT_SELECT_Write(0);
  57:main.c        ****     usbPutString(displaystring);
  58:main.c        ****     
  59:main.c        ****     for(;;)
  60:main.c        ****     {
  61:main.c        ****         if(flag_encoder) {
  62:main.c        ****             encoder_counter = (double) QuadDec_M1_GetCounter() / 57; // timer - 100ms
ARM GAS  C:\Users\18285\AppData\Local\Temp\cc9RpaCd.s 			page 3


  63:main.c        ****             //itoa(encoder_counter, line, 10);
  64:main.c        ****             sprintf(line, "%.2lf", encoder_counter); 
  65:main.c        ****             
  66:main.c        ****             usbPutString(message_encoder);
  67:main.c        ****             usbPutString(line);
  68:main.c        ****             usbPutString("\n\r");
  69:main.c        ****             
  70:main.c        ****             QuadDec_M1_SetCounter(0);
  71:main.c        ****             flag_encoder = 0;
  72:main.c        ****         }
  73:main.c        ****         
  74:main.c        ****         /* Place your application code here. */
  75:main.c        ****         handle_usb();
  76:main.c        ****         if (flag_KB_string == 1)
  77:main.c        ****         {
  78:main.c        ****             usbPutString(line);
  79:main.c        ****             // change the duty cycle
  80:main.c        ****             
  81:main.c        ****             /* - fixed duty cycle
  82:main.c        ****             if (strstr(line,"p 20") != NULL){
  83:main.c        ****                 PWM_1_WriteCompare(PWM_1_ReadPeriod()*0.8);
  84:main.c        ****                 PWM_1_SaveConfig();
  85:main.c        ****                 usbPutString("\t P20 config use\n");
  86:main.c        ****             }
  87:main.c        ****             
  88:main.c        ****             if (strstr(line,"p 50") != NULL){
  89:main.c        ****                 PWM_1_WriteCompare(PWM_1_ReadPeriod()*0.5);
  90:main.c        ****                 PWM_1_SaveConfig();
  91:main.c        ****                 usbPutString("\t P50 config use\n");
  92:main.c        ****             }
  93:main.c        ****             
  94:main.c        ****             if (strstr(line,"p 80") != NULL){
  95:main.c        ****                 PWM_1_WriteCompare(PWM_1_ReadPeriod()*0.2);
  96:main.c        ****                 PWM_1_SaveConfig();
  97:main.c        ****                 usbPutString("\t P80 config use\n");
  98:main.c        ****             }
  99:main.c        ****             */
 100:main.c        ****             if (atoi(line)){
 101:main.c        ****                 PWM_1_WriteCompare((double)(PWM_1_ReadPeriod()* (100 - atoi(line))) / 100);
 102:main.c        ****                 PWM_1_SaveConfig();
 103:main.c        ****                 usbPutString("\t Custom input used\n\r");
 104:main.c        ****             }            
 105:main.c        ****             
 106:main.c        ****             flag_KB_string = 0;
 107:main.c        ****         }
 108:main.c        ****         
 109:main.c        ****     }   
 110:main.c        **** }
 111:main.c        **** //* ========================================
 112:main.c        **** void usbPutString(char *s)
 113:main.c        **** {
  53              		.loc 1 113 0
  54              		.cfi_startproc
  55              		@ args = 0, pretend = 0, frame = 0
  56              		@ frame_needed = 0, uses_anonymous_args = 0
  57              	.LVL0:
  58 0000 10B5     		push	{r4, lr}
ARM GAS  C:\Users\18285\AppData\Local\Temp\cc9RpaCd.s 			page 4


  59              		.cfi_def_cfa_offset 8
  60              		.cfi_offset 4, -8
  61              		.cfi_offset 14, -4
  62 0002 0446     		mov	r4, r0
  63              	.LVL1:
  64              	.L5:
 114:main.c        **** // !! Assumes that *s is a string with allocated space >=64 chars     
 115:main.c        **** //  Since USB implementation retricts data packets to 64 chars, this function truncates the
 116:main.c        **** //  length to 62 char (63rd char is a '!')
 117:main.c        **** 
 118:main.c        **** #ifdef USE_USB     
 119:main.c        ****     while (USBUART_CDCIsReady() == 0);
  65              		.loc 1 119 0 discriminator 1
  66 0004 FFF7FEFF 		bl	USBUART_CDCIsReady
  67              	.LVL2:
  68 0008 0028     		cmp	r0, #0
  69 000a FBD0     		beq	.L5
 120:main.c        ****     s[63]='\0';
  70              		.loc 1 120 0
  71 000c 0023     		movs	r3, #0
  72 000e 84F83F30 		strb	r3, [r4, #63]
 121:main.c        ****     s[62]='!';
  73              		.loc 1 121 0
  74 0012 2123     		movs	r3, #33
  75 0014 84F83E30 		strb	r3, [r4, #62]
 122:main.c        ****     USBUART_PutData((uint8*)s,strlen(s));
  76              		.loc 1 122 0
  77 0018 2046     		mov	r0, r4
  78 001a FFF7FEFF 		bl	strlen
  79              	.LVL3:
  80 001e 81B2     		uxth	r1, r0
  81 0020 2046     		mov	r0, r4
  82 0022 FFF7FEFF 		bl	USBUART_PutData
  83              	.LVL4:
  84 0026 10BD     		pop	{r4, pc}
  85              		.cfi_endproc
  86              	.LFE66:
  87              		.size	usbPutString, .-usbPutString
  88              		.section	.text.usbPutChar,"ax",%progbits
  89              		.align	2
  90              		.global	usbPutChar
  91              		.thumb
  92              		.thumb_func
  93              		.type	usbPutChar, %function
  94              	usbPutChar:
  95              	.LFB67:
 123:main.c        **** #endif
 124:main.c        **** }
 125:main.c        **** //* ========================================
 126:main.c        **** void usbPutChar(char c)
 127:main.c        **** {
  96              		.loc 1 127 0
  97              		.cfi_startproc
  98              		@ args = 0, pretend = 0, frame = 0
  99              		@ frame_needed = 0, uses_anonymous_args = 0
 100              	.LVL5:
 101 0000 10B5     		push	{r4, lr}
ARM GAS  C:\Users\18285\AppData\Local\Temp\cc9RpaCd.s 			page 5


 102              		.cfi_def_cfa_offset 8
 103              		.cfi_offset 4, -8
 104              		.cfi_offset 14, -4
 105 0002 0446     		mov	r4, r0
 106              	.LVL6:
 107              	.L8:
 128:main.c        **** #ifdef USE_USB     
 129:main.c        ****     while (USBUART_CDCIsReady() == 0);
 108              		.loc 1 129 0 discriminator 1
 109 0004 FFF7FEFF 		bl	USBUART_CDCIsReady
 110              	.LVL7:
 111 0008 0028     		cmp	r0, #0
 112 000a FBD0     		beq	.L8
 130:main.c        ****     USBUART_PutChar(c);
 113              		.loc 1 130 0
 114 000c 2046     		mov	r0, r4
 115 000e FFF7FEFF 		bl	USBUART_PutChar
 116              	.LVL8:
 117 0012 10BD     		pop	{r4, pc}
 118              		.cfi_endproc
 119              	.LFE67:
 120              		.size	usbPutChar, .-usbPutChar
 121              		.section	.text.handle_usb,"ax",%progbits
 122              		.align	2
 123              		.global	handle_usb
 124              		.thumb
 125              		.thumb_func
 126              		.type	handle_usb, %function
 127              	handle_usb:
 128              	.LFB68:
 131:main.c        **** #endif    
 132:main.c        **** }
 133:main.c        **** //* ========================================
 134:main.c        **** void handle_usb()
 135:main.c        **** {
 129              		.loc 1 135 0
 130              		.cfi_startproc
 131              		@ args = 0, pretend = 0, frame = 0
 132              		@ frame_needed = 0, uses_anonymous_args = 0
 133 0000 10B5     		push	{r4, lr}
 134              		.cfi_def_cfa_offset 8
 135              		.cfi_offset 4, -8
 136              		.cfi_offset 14, -4
 136:main.c        ****     // handles input at terminal, echos it back to the terminal
 137:main.c        ****     // turn echo OFF, key emulation: only CR
 138:main.c        ****     // entered string is made available in 'line' and 'flag_KB_string' is set
 139:main.c        ****     
 140:main.c        ****     static uint8 usbStarted = FALSE;
 141:main.c        ****     static uint16 usbBufCount = 0;
 142:main.c        ****     uint8 c; 
 143:main.c        ****     
 144:main.c        **** 
 145:main.c        ****     if (!usbStarted)
 137              		.loc 1 145 0
 138 0002 1E4B     		ldr	r3, .L19
 139 0004 5B78     		ldrb	r3, [r3, #1]	@ zero_extendqisi2
 140 0006 4BB9     		cbnz	r3, .L11
ARM GAS  C:\Users\18285\AppData\Local\Temp\cc9RpaCd.s 			page 6


 146:main.c        ****     {
 147:main.c        ****         if (USBUART_GetConfiguration())
 141              		.loc 1 147 0
 142 0008 FFF7FEFF 		bl	USBUART_GetConfiguration
 143              	.LVL9:
 144 000c 0028     		cmp	r0, #0
 145 000e 34D0     		beq	.L10
 148:main.c        ****         {
 149:main.c        ****             USBUART_CDC_Init();
 146              		.loc 1 149 0
 147 0010 FFF7FEFF 		bl	USBUART_CDC_Init
 148              	.LVL10:
 150:main.c        ****             usbStarted = TRUE;
 149              		.loc 1 150 0
 150 0014 0122     		movs	r2, #1
 151 0016 194B     		ldr	r3, .L19
 152 0018 5A70     		strb	r2, [r3, #1]
 153 001a 10BD     		pop	{r4, pc}
 154              	.L11:
 151:main.c        ****         }
 152:main.c        ****     }
 153:main.c        ****     else
 154:main.c        ****     {
 155:main.c        ****         if (USBUART_DataIsReady() != 0)
 155              		.loc 1 155 0
 156 001c FFF7FEFF 		bl	USBUART_DataIsReady
 157              	.LVL11:
 158 0020 58B3     		cbz	r0, .L10
 156:main.c        ****         {  
 157:main.c        ****             c = USBUART_GetChar();
 159              		.loc 1 157 0
 160 0022 FFF7FEFF 		bl	USBUART_GetChar
 161              	.LVL12:
 158:main.c        **** 
 159:main.c        ****             if ((c == 13) || (c == 10))
 162              		.loc 1 159 0
 163 0026 0D28     		cmp	r0, #13
 164 0028 01D0     		beq	.L13
 165              		.loc 1 159 0 is_stmt 0 discriminator 1
 166 002a 0A28     		cmp	r0, #10
 167 002c 0DD1     		bne	.L14
 168              	.L13:
 160:main.c        ****             {
 161:main.c        ****                 if (usbBufCount > 0)
 169              		.loc 1 161 0 is_stmt 1
 170 002e 134B     		ldr	r3, .L19
 171 0030 5B88     		ldrh	r3, [r3, #2]
 172 0032 13B3     		cbz	r3, .L10
 162:main.c        ****                 {
 163:main.c        ****                     entry[usbBufCount]= '\0';
 173              		.loc 1 163 0
 174 0034 1249     		ldr	r1, .L19+4
 175 0036 0024     		movs	r4, #0
 176 0038 CC54     		strb	r4, [r1, r3]
 164:main.c        ****                     strcpy(line,entry);
 177              		.loc 1 164 0
 178 003a 1248     		ldr	r0, .L19+8
ARM GAS  C:\Users\18285\AppData\Local\Temp\cc9RpaCd.s 			page 7


 179              	.LVL13:
 180 003c FFF7FEFF 		bl	strcpy
 181              	.LVL14:
 165:main.c        ****                     usbBufCount = 0;
 182              		.loc 1 165 0
 183 0040 0E4B     		ldr	r3, .L19
 184 0042 5C80     		strh	r4, [r3, #2]	@ movhi
 166:main.c        ****                     flag_KB_string = 1;
 185              		.loc 1 166 0
 186 0044 0122     		movs	r2, #1
 187 0046 1A71     		strb	r2, [r3, #4]
 188 0048 10BD     		pop	{r4, pc}
 189              	.LVL15:
 190              	.L14:
 167:main.c        ****                 }
 168:main.c        ****             }
 169:main.c        ****             else 
 170:main.c        ****             {
 171:main.c        ****                 if (((c == CHAR_BACKSP) || (c == CHAR_DEL) ) && (usbBufCount > 0) )
 191              		.loc 1 171 0
 192 004a 0828     		cmp	r0, #8
 193 004c 01D0     		beq	.L15
 194              		.loc 1 171 0 is_stmt 0 discriminator 2
 195 004e 7F28     		cmp	r0, #127
 196 0050 06D1     		bne	.L16
 197              	.L15:
 198              		.loc 1 171 0 discriminator 3
 199 0052 0A4B     		ldr	r3, .L19
 200 0054 5B88     		ldrh	r3, [r3, #2]
 201 0056 1BB1     		cbz	r3, .L16
 172:main.c        ****                     usbBufCount--;
 202              		.loc 1 172 0 is_stmt 1
 203 0058 013B     		subs	r3, r3, #1
 204 005a 084A     		ldr	r2, .L19
 205 005c 5380     		strh	r3, [r2, #2]	@ movhi
 206 005e 10BD     		pop	{r4, pc}
 207              	.L16:
 173:main.c        ****                 else
 174:main.c        ****                 {
 175:main.c        ****                     if (usbBufCount > (BUF_SIZE-2) ) // one less else strtok triggers a crash
 208              		.loc 1 175 0
 209 0060 064B     		ldr	r3, .L19
 210 0062 5B88     		ldrh	r3, [r3, #2]
 211 0064 3E2B     		cmp	r3, #62
 212 0066 03D9     		bls	.L17
 176:main.c        ****                     {
 177:main.c        ****                        USBUART_PutChar('!');        
 213              		.loc 1 177 0
 214 0068 2120     		movs	r0, #33
 215              	.LVL16:
 216 006a FFF7FEFF 		bl	USBUART_PutChar
 217              	.LVL17:
 218 006e 10BD     		pop	{r4, pc}
 219              	.LVL18:
 220              	.L17:
 178:main.c        ****                     }
 179:main.c        ****                     else
ARM GAS  C:\Users\18285\AppData\Local\Temp\cc9RpaCd.s 			page 8


 180:main.c        ****                         entry[usbBufCount++] = c;  
 221              		.loc 1 180 0
 222 0070 591C     		adds	r1, r3, #1
 223 0072 024A     		ldr	r2, .L19
 224 0074 5180     		strh	r1, [r2, #2]	@ movhi
 225 0076 024A     		ldr	r2, .L19+4
 226 0078 D054     		strb	r0, [r2, r3]
 227              	.LVL19:
 228              	.L10:
 229 007a 10BD     		pop	{r4, pc}
 230              	.L20:
 231              		.align	2
 232              	.L19:
 233 007c 00000000 		.word	.LANCHOR0
 234 0080 00000000 		.word	entry
 235 0084 00000000 		.word	line
 236              		.cfi_endproc
 237              	.LFE68:
 238              		.size	handle_usb, .-handle_usb
 239              		.global	__aeabi_i2d
 240              		.global	__aeabi_ddiv
 241              		.global	__aeabi_d2uiz
 242              		.section	.text.main,"ax",%progbits
 243              		.align	2
 244              		.global	main
 245              		.thumb
 246              		.thumb_func
 247              		.type	main, %function
 248              	main:
 249              	.LFB65:
  38:main.c        **** // --------------------------------    
 250              		.loc 1 38 0
 251              		.cfi_startproc
 252              		@ args = 0, pretend = 0, frame = 0
 253              		@ frame_needed = 0, uses_anonymous_args = 0
 254 0000 10B5     		push	{r4, lr}
 255              		.cfi_def_cfa_offset 8
 256              		.cfi_offset 4, -8
 257              		.cfi_offset 14, -4
  41:main.c        ****     PWM_1_Start();
 258              		.loc 1 41 0
 259              		.syntax unified
 260              	@ 41 "main.c" 1
 261 0002 62B6     		CPSIE   i
 262              	@ 0 "" 2
  42:main.c        ****     QuadDec_M1_Start();
 263              		.loc 1 42 0
 264              		.thumb
 265              		.syntax unified
 266 0004 FFF7FEFF 		bl	PWM_1_Start
 267              	.LVL20:
  43:main.c        ****     Timer_TS_Start();
 268              		.loc 1 43 0
 269 0008 FFF7FEFF 		bl	QuadDec_M1_Start
 270              	.LVL21:
  44:main.c        ****     isr_TS_StartEx(isr_timer_EncoderCalculation);
 271              		.loc 1 44 0
ARM GAS  C:\Users\18285\AppData\Local\Temp\cc9RpaCd.s 			page 9


 272 000c FFF7FEFF 		bl	Timer_TS_Start
 273              	.LVL22:
  45:main.c        ****     
 274              		.loc 1 45 0
 275 0010 2E48     		ldr	r0, .L27
 276 0012 FFF7FEFF 		bl	isr_TS_StartEx
 277              	.LVL23:
  51:main.c        **** #endif        
 278              		.loc 1 51 0
 279 0016 0121     		movs	r1, #1
 280 0018 0020     		movs	r0, #0
 281 001a FFF7FEFF 		bl	USBUART_Start
 282              	.LVL24:
  53:main.c        **** 
 283              		.loc 1 53 0
 284 001e 0020     		movs	r0, #0
 285 0020 FFF7FEFF 		bl	QuadDec_M1_SetCounter
 286              	.LVL25:
  56:main.c        ****     usbPutString(displaystring);
 287              		.loc 1 56 0
 288 0024 0020     		movs	r0, #0
 289 0026 FFF7FEFF 		bl	RF_BT_SELECT_Write
 290              	.LVL26:
  57:main.c        ****     
 291              		.loc 1 57 0
 292 002a 2948     		ldr	r0, .L27+4
 293 002c FFF7FEFF 		bl	usbPutString
 294              	.LVL27:
 295              	.L23:
  61:main.c        ****             encoder_counter = (double) QuadDec_M1_GetCounter() / 57; // timer - 100ms
 296              		.loc 1 61 0
 297 0030 284B     		ldr	r3, .L27+8
 298 0032 1B78     		ldrb	r3, [r3]	@ zero_extendqisi2
 299 0034 5BB2     		sxtb	r3, r3
 300 0036 EBB1     		cbz	r3, .L22
  62:main.c        ****             //itoa(encoder_counter, line, 10);
 301              		.loc 1 62 0
 302 0038 FFF7FEFF 		bl	QuadDec_M1_GetCounter
 303              	.LVL28:
 304 003c FFF7FEFF 		bl	__aeabi_i2d
 305              	.LVL29:
 306 0040 0022     		movs	r2, #0
 307 0042 254B     		ldr	r3, .L27+12
 308 0044 FFF7FEFF 		bl	__aeabi_ddiv
 309              	.LVL30:
  64:main.c        ****             
 310              		.loc 1 64 0
 311 0048 244C     		ldr	r4, .L27+16
 312 004a 0246     		mov	r2, r0
 313 004c 0B46     		mov	r3, r1
 314 004e 2449     		ldr	r1, .L27+20
 315 0050 2046     		mov	r0, r4
 316              	.LVL31:
 317 0052 FFF7FEFF 		bl	sprintf
 318              	.LVL32:
  66:main.c        ****             usbPutString(line);
 319              		.loc 1 66 0
ARM GAS  C:\Users\18285\AppData\Local\Temp\cc9RpaCd.s 			page 10


 320 0056 2348     		ldr	r0, .L27+24
 321 0058 FFF7FEFF 		bl	usbPutString
 322              	.LVL33:
  67:main.c        ****             usbPutString("\n\r");
 323              		.loc 1 67 0
 324 005c 2046     		mov	r0, r4
 325 005e FFF7FEFF 		bl	usbPutString
 326              	.LVL34:
  68:main.c        ****             
 327              		.loc 1 68 0
 328 0062 2148     		ldr	r0, .L27+28
 329 0064 FFF7FEFF 		bl	usbPutString
 330              	.LVL35:
  70:main.c        ****             flag_encoder = 0;
 331              		.loc 1 70 0
 332 0068 0020     		movs	r0, #0
 333 006a FFF7FEFF 		bl	QuadDec_M1_SetCounter
 334              	.LVL36:
  71:main.c        ****         }
 335              		.loc 1 71 0
 336 006e 0022     		movs	r2, #0
 337 0070 184B     		ldr	r3, .L27+8
 338 0072 1A70     		strb	r2, [r3]
 339              	.L22:
  75:main.c        ****         if (flag_KB_string == 1)
 340              		.loc 1 75 0
 341 0074 FFF7FEFF 		bl	handle_usb
 342              	.LVL37:
  76:main.c        ****         {
 343              		.loc 1 76 0
 344 0078 164B     		ldr	r3, .L27+8
 345 007a 1B79     		ldrb	r3, [r3, #4]	@ zero_extendqisi2
 346 007c 012B     		cmp	r3, #1
 347 007e D7D1     		bne	.L23
  78:main.c        ****             // change the duty cycle
 348              		.loc 1 78 0
 349 0080 164C     		ldr	r4, .L27+16
 350 0082 2046     		mov	r0, r4
 351 0084 FFF7FEFF 		bl	usbPutString
 352              	.LVL38:
 100:main.c        ****                 PWM_1_WriteCompare((double)(PWM_1_ReadPeriod()* (100 - atoi(line))) / 100);
 353              		.loc 1 100 0
 354 0088 2046     		mov	r0, r4
 355 008a FFF7FEFF 		bl	atoi
 356              	.LVL39:
 357 008e C8B1     		cbz	r0, .L24
 101:main.c        ****                 PWM_1_SaveConfig();
 358              		.loc 1 101 0
 359 0090 FFF7FEFF 		bl	PWM_1_ReadPeriod
 360              	.LVL40:
 361 0094 0446     		mov	r4, r0
 362 0096 1148     		ldr	r0, .L27+16
 363 0098 FFF7FEFF 		bl	atoi
 364              	.LVL41:
 365 009c C0F16400 		rsb	r0, r0, #100
 366 00a0 00FB04F0 		mul	r0, r0, r4
 367 00a4 FFF7FEFF 		bl	__aeabi_i2d
ARM GAS  C:\Users\18285\AppData\Local\Temp\cc9RpaCd.s 			page 11


 368              	.LVL42:
 369 00a8 0022     		movs	r2, #0
 370 00aa 104B     		ldr	r3, .L27+32
 371 00ac FFF7FEFF 		bl	__aeabi_ddiv
 372              	.LVL43:
 373 00b0 FFF7FEFF 		bl	__aeabi_d2uiz
 374              	.LVL44:
 375 00b4 80B2     		uxth	r0, r0
 376 00b6 FFF7FEFF 		bl	PWM_1_WriteCompare
 377              	.LVL45:
 102:main.c        ****                 usbPutString("\t Custom input used\n\r");
 378              		.loc 1 102 0
 379 00ba FFF7FEFF 		bl	PWM_1_SaveConfig
 380              	.LVL46:
 103:main.c        ****             }            
 381              		.loc 1 103 0
 382 00be 0C48     		ldr	r0, .L27+36
 383 00c0 FFF7FEFF 		bl	usbPutString
 384              	.LVL47:
 385              	.L24:
 106:main.c        ****         }
 386              		.loc 1 106 0
 387 00c4 0022     		movs	r2, #0
 388 00c6 034B     		ldr	r3, .L27+8
 389 00c8 1A71     		strb	r2, [r3, #4]
 390 00ca B1E7     		b	.L23
 391              	.L28:
 392              		.align	2
 393              	.L27:
 394 00cc 00000000 		.word	isr_timer_EncoderCalculation
 395 00d0 00000000 		.word	.LANCHOR1
 396 00d4 00000000 		.word	.LANCHOR0
 397 00d8 00804C40 		.word	1078755328
 398 00dc 00000000 		.word	line
 399 00e0 00000000 		.word	.LC0
 400 00e4 40000000 		.word	.LANCHOR1+64
 401 00e8 08000000 		.word	.LC1
 402 00ec 00005940 		.word	1079574528
 403 00f0 0C000000 		.word	.LC2
 404              		.cfi_endproc
 405              	.LFE65:
 406              		.size	main, .-main
 407              		.global	flag_encoder
 408              		.comm	system_state,32,4
 409              		.comm	usbBuffer,64,4
 410              		.comm	entry,64,4
 411              		.comm	line,64,4
 412              		.global	displaystring
 413              		.global	message_encoder
 414              		.global	flag_rf_transmission_active
 415              		.global	dataready_flag
 416              		.global	flag_KB_string
 417              		.global	flag_packet
 418              		.global	flag_rx
 419              		.global	flag_ts_display
 420              		.global	flag_ts_speed
 421              		.global	flag_ts_update
ARM GAS  C:\Users\18285\AppData\Local\Temp\cc9RpaCd.s 			page 12


 422              		.global	flag_ts_enc
 423              		.global	ts_display
 424              		.global	ts_speed
 425              		.global	ts_update
 426              		.global	ts_enc
 427              		.global	ts
 428              		.data
 429              		.align	2
 430              		.set	.LANCHOR1,. + 0
 431              		.type	displaystring, %object
 432              		.size	displaystring, 64
 433              	displaystring:
 434 0000 43533330 		.ascii	"CS301 2016\012\000"
 434      31203230 
 434      31360A00 
 435 000c 00000000 		.space	52
 435      00000000 
 435      00000000 
 435      00000000 
 435      00000000 
 436              		.type	message_encoder, %object
 437              		.size	message_encoder, 64
 438              	message_encoder:
 439 0040 0D0A5468 		.ascii	"\015\012The speed is (rps): \000"
 439      65207370 
 439      65656420 
 439      69732028 
 439      72707329 
 440 0057 00000000 		.space	41
 440      00000000 
 440      00000000 
 440      00000000 
 440      00000000 
 441              		.type	flag_rf_transmission_active, %object
 442              		.size	flag_rf_transmission_active, 1
 443              	flag_rf_transmission_active:
 444 0080 0A       		.byte	10
 445              		.section	.rodata.str1.4,"aMS",%progbits,1
 446              		.align	2
 447              	.LC0:
 448 0000 252E326C 		.ascii	"%.2lf\000"
 448      6600
 449 0006 0000     		.space	2
 450              	.LC1:
 451 0008 0A0D00   		.ascii	"\012\015\000"
 452 000b 00       		.space	1
 453              	.LC2:
 454 000c 09204375 		.ascii	"\011 Custom input used\012\015\000"
 454      73746F6D 
 454      20696E70 
 454      75742075 
 454      7365640A 
 455              		.bss
 456              		.align	1
 457              		.set	.LANCHOR0,. + 0
 458              		.type	flag_encoder, %object
 459              		.size	flag_encoder, 1
ARM GAS  C:\Users\18285\AppData\Local\Temp\cc9RpaCd.s 			page 13


 460              	flag_encoder:
 461 0000 00       		.space	1
 462              		.type	usbStarted.8647, %object
 463              		.size	usbStarted.8647, 1
 464              	usbStarted.8647:
 465 0001 00       		.space	1
 466              		.type	usbBufCount.8648, %object
 467              		.size	usbBufCount.8648, 2
 468              	usbBufCount.8648:
 469 0002 0000     		.space	2
 470              		.type	flag_KB_string, %object
 471              		.size	flag_KB_string, 1
 472              	flag_KB_string:
 473 0004 00       		.space	1
 474              		.type	dataready_flag, %object
 475              		.size	dataready_flag, 1
 476              	dataready_flag:
 477 0005 00       		.space	1
 478              		.type	flag_packet, %object
 479              		.size	flag_packet, 1
 480              	flag_packet:
 481 0006 00       		.space	1
 482              		.type	flag_rx, %object
 483              		.size	flag_rx, 1
 484              	flag_rx:
 485 0007 00       		.space	1
 486              		.type	flag_ts_display, %object
 487              		.size	flag_ts_display, 1
 488              	flag_ts_display:
 489 0008 00       		.space	1
 490              		.type	flag_ts_speed, %object
 491              		.size	flag_ts_speed, 1
 492              	flag_ts_speed:
 493 0009 00       		.space	1
 494              		.type	flag_ts_update, %object
 495              		.size	flag_ts_update, 1
 496              	flag_ts_update:
 497 000a 00       		.space	1
 498              		.type	flag_ts_enc, %object
 499              		.size	flag_ts_enc, 1
 500              	flag_ts_enc:
 501 000b 00       		.space	1
 502              		.type	ts_display, %object
 503              		.size	ts_display, 2
 504              	ts_display:
 505 000c 0000     		.space	2
 506              		.type	ts_speed, %object
 507              		.size	ts_speed, 2
 508              	ts_speed:
 509 000e 0000     		.space	2
 510              		.type	ts_update, %object
 511              		.size	ts_update, 2
 512              	ts_update:
 513 0010 0000     		.space	2
 514              		.type	ts_enc, %object
 515              		.size	ts_enc, 2
 516              	ts_enc:
ARM GAS  C:\Users\18285\AppData\Local\Temp\cc9RpaCd.s 			page 14


 517 0012 0000     		.space	2
 518              		.type	ts, %object
 519              		.size	ts, 1
 520              	ts:
 521 0014 00       		.space	1
 522              		.text
 523              	.Letext0:
 524              		.file 2 "c:\\program files (x86)\\cypress\\psoc creator\\4.4\\psoc creator\\import\\gnu\\arm\\5.4.
 525              		.file 3 "c:\\program files (x86)\\cypress\\psoc creator\\4.4\\psoc creator\\import\\gnu\\arm\\5.4.
 526              		.file 4 "Generated_Source\\PSoC5/cytypes.h"
 527              		.file 5 "vars.h"
 528              		.file 6 "Generated_Source\\PSoC5/core_cm3.h"
 529              		.file 7 "Generated_Source\\PSoC5/USBUART_cdc.h"
 530              		.file 8 "c:\\program files (x86)\\cypress\\psoc creator\\4.4\\psoc creator\\import\\gnu\\arm\\5.4.
 531              		.file 9 "Generated_Source\\PSoC5/USBUART.h"
 532              		.file 10 "Generated_Source\\PSoC5/PWM_1.h"
 533              		.file 11 "Generated_Source\\PSoC5/QuadDec_M1.h"
 534              		.file 12 "Generated_Source\\PSoC5/Timer_TS.h"
 535              		.file 13 "Generated_Source\\PSoC5/isr_TS.h"
 536              		.file 14 "Generated_Source\\PSoC5/RF_BT_SELECT.h"
 537              		.file 15 "c:\\program files (x86)\\cypress\\psoc creator\\4.4\\psoc creator\\import\\gnu\\arm\\5.4
 538              		.file 16 "c:\\program files (x86)\\cypress\\psoc creator\\4.4\\psoc creator\\import\\gnu\\arm\\5.4
 539              		.section	.debug_info,"",%progbits
 540              	.Ldebug_info0:
 541 0000 15070000 		.4byte	0x715
 542 0004 0400     		.2byte	0x4
 543 0006 00000000 		.4byte	.Ldebug_abbrev0
 544 000a 04       		.byte	0x4
 545 000b 01       		.uleb128 0x1
 546 000c 7C040000 		.4byte	.LASF85
 547 0010 0C       		.byte	0xc
 548 0011 7F030000 		.4byte	.LASF86
 549 0015 C3010000 		.4byte	.LASF87
 550 0019 00000000 		.4byte	.Ldebug_ranges0+0
 551 001d 00000000 		.4byte	0
 552 0021 00000000 		.4byte	.Ldebug_line0
 553 0025 02       		.uleb128 0x2
 554 0026 01       		.byte	0x1
 555 0027 06       		.byte	0x6
 556 0028 47020000 		.4byte	.LASF0
 557 002c 02       		.uleb128 0x2
 558 002d 01       		.byte	0x1
 559 002e 08       		.byte	0x8
 560 002f 14020000 		.4byte	.LASF1
 561 0033 02       		.uleb128 0x2
 562 0034 02       		.byte	0x2
 563 0035 05       		.byte	0x5
 564 0036 54000000 		.4byte	.LASF2
 565 003a 02       		.uleb128 0x2
 566 003b 02       		.byte	0x2
 567 003c 07       		.byte	0x7
 568 003d C4020000 		.4byte	.LASF3
 569 0041 03       		.uleb128 0x3
 570 0042 F6030000 		.4byte	.LASF12
 571 0046 02       		.byte	0x2
 572 0047 3F       		.byte	0x3f
 573 0048 4C000000 		.4byte	0x4c
ARM GAS  C:\Users\18285\AppData\Local\Temp\cc9RpaCd.s 			page 15


 574 004c 02       		.uleb128 0x2
 575 004d 04       		.byte	0x4
 576 004e 05       		.byte	0x5
 577 004f 6C010000 		.4byte	.LASF4
 578 0053 02       		.uleb128 0x2
 579 0054 04       		.byte	0x4
 580 0055 07       		.byte	0x7
 581 0056 86030000 		.4byte	.LASF5
 582 005a 02       		.uleb128 0x2
 583 005b 08       		.byte	0x8
 584 005c 05       		.byte	0x5
 585 005d 10010000 		.4byte	.LASF6
 586 0061 02       		.uleb128 0x2
 587 0062 08       		.byte	0x8
 588 0063 07       		.byte	0x7
 589 0064 63020000 		.4byte	.LASF7
 590 0068 04       		.uleb128 0x4
 591 0069 04       		.byte	0x4
 592 006a 05       		.byte	0x5
 593 006b 696E7400 		.ascii	"int\000"
 594 006f 02       		.uleb128 0x2
 595 0070 04       		.byte	0x4
 596 0071 07       		.byte	0x7
 597 0072 7A020000 		.4byte	.LASF8
 598 0076 02       		.uleb128 0x2
 599 0077 08       		.byte	0x8
 600 0078 04       		.byte	0x4
 601 0079 B7010000 		.4byte	.LASF9
 602 007d 02       		.uleb128 0x2
 603 007e 04       		.byte	0x4
 604 007f 07       		.byte	0x7
 605 0080 6B000000 		.4byte	.LASF10
 606 0084 05       		.uleb128 0x5
 607 0085 04       		.byte	0x4
 608 0086 8A000000 		.4byte	0x8a
 609 008a 02       		.uleb128 0x2
 610 008b 01       		.byte	0x1
 611 008c 08       		.byte	0x8
 612 008d F7020000 		.4byte	.LASF11
 613 0091 03       		.uleb128 0x3
 614 0092 0E030000 		.4byte	.LASF13
 615 0096 03       		.byte	0x3
 616 0097 2C       		.byte	0x2c
 617 0098 41000000 		.4byte	0x41
 618 009c 02       		.uleb128 0x2
 619 009d 08       		.byte	0x8
 620 009e 04       		.byte	0x4
 621 009f 1F000000 		.4byte	.LASF14
 622 00a3 02       		.uleb128 0x2
 623 00a4 04       		.byte	0x4
 624 00a5 04       		.byte	0x4
 625 00a6 F1000000 		.4byte	.LASF15
 626 00aa 06       		.uleb128 0x6
 627 00ab C3000000 		.4byte	.LASF16
 628 00af 04       		.byte	0x4
 629 00b0 E901     		.2byte	0x1e9
 630 00b2 2C000000 		.4byte	0x2c
ARM GAS  C:\Users\18285\AppData\Local\Temp\cc9RpaCd.s 			page 16


 631 00b6 06       		.uleb128 0x6
 632 00b7 B0000000 		.4byte	.LASF17
 633 00bb 04       		.byte	0x4
 634 00bc EA01     		.2byte	0x1ea
 635 00be 3A000000 		.4byte	0x3a
 636 00c2 06       		.uleb128 0x6
 637 00c3 2B010000 		.4byte	.LASF18
 638 00c7 04       		.byte	0x4
 639 00c8 EC01     		.2byte	0x1ec
 640 00ca 25000000 		.4byte	0x25
 641 00ce 06       		.uleb128 0x6
 642 00cf BD000000 		.4byte	.LASF19
 643 00d3 04       		.byte	0x4
 644 00d4 ED01     		.2byte	0x1ed
 645 00d6 33000000 		.4byte	0x33
 646 00da 07       		.uleb128 0x7
 647 00db ED020000 		.4byte	.LASF88
 648 00df 20       		.byte	0x20
 649 00e0 05       		.byte	0x5
 650 00e1 2A       		.byte	0x2a
 651 00e2 B3010000 		.4byte	0x1b3
 652 00e6 08       		.uleb128 0x8
 653 00e7 0A050000 		.4byte	.LASF20
 654 00eb 05       		.byte	0x5
 655 00ec 2B       		.byte	0x2b
 656 00ed C2000000 		.4byte	0xc2
 657 00f1 00       		.byte	0
 658 00f2 08       		.uleb128 0x8
 659 00f3 B7000000 		.4byte	.LASF21
 660 00f7 05       		.byte	0x5
 661 00f8 2C       		.byte	0x2c
 662 00f9 AA000000 		.4byte	0xaa
 663 00fd 01       		.byte	0x1
 664 00fe 08       		.uleb128 0x8
 665 00ff FC020000 		.4byte	.LASF22
 666 0103 05       		.byte	0x5
 667 0104 2D       		.byte	0x2d
 668 0105 CE000000 		.4byte	0xce
 669 0109 02       		.byte	0x2
 670 010a 08       		.uleb128 0x8
 671 010b 53040000 		.4byte	.LASF23
 672 010f 05       		.byte	0x5
 673 0110 2E       		.byte	0x2e
 674 0111 CE000000 		.4byte	0xce
 675 0115 04       		.byte	0x4
 676 0116 08       		.uleb128 0x8
 677 0117 0F050000 		.4byte	.LASF24
 678 011b 05       		.byte	0x5
 679 011c 2F       		.byte	0x2f
 680 011d CE000000 		.4byte	0xce
 681 0121 06       		.byte	0x6
 682 0122 08       		.uleb128 0x8
 683 0123 57010000 		.4byte	.LASF25
 684 0127 05       		.byte	0x5
 685 0128 30       		.byte	0x30
 686 0129 CE000000 		.4byte	0xce
 687 012d 08       		.byte	0x8
ARM GAS  C:\Users\18285\AppData\Local\Temp\cc9RpaCd.s 			page 17


 688 012e 08       		.uleb128 0x8
 689 012f 0F040000 		.4byte	.LASF26
 690 0133 05       		.byte	0x5
 691 0134 31       		.byte	0x31
 692 0135 CE000000 		.4byte	0xce
 693 0139 0A       		.byte	0xa
 694 013a 08       		.uleb128 0x8
 695 013b 22020000 		.4byte	.LASF27
 696 013f 05       		.byte	0x5
 697 0140 32       		.byte	0x32
 698 0141 CE000000 		.4byte	0xce
 699 0145 0C       		.byte	0xc
 700 0146 08       		.uleb128 0x8
 701 0147 5F010000 		.4byte	.LASF28
 702 014b 05       		.byte	0x5
 703 014c 33       		.byte	0x33
 704 014d CE000000 		.4byte	0xce
 705 0151 0E       		.byte	0xe
 706 0152 08       		.uleb128 0x8
 707 0153 BC020000 		.4byte	.LASF29
 708 0157 05       		.byte	0x5
 709 0158 34       		.byte	0x34
 710 0159 CE000000 		.4byte	0xce
 711 015d 10       		.byte	0x10
 712 015e 08       		.uleb128 0x8
 713 015f 16030000 		.4byte	.LASF30
 714 0163 05       		.byte	0x5
 715 0164 35       		.byte	0x35
 716 0165 CE000000 		.4byte	0xce
 717 0169 12       		.byte	0x12
 718 016a 08       		.uleb128 0x8
 719 016b 58030000 		.4byte	.LASF31
 720 016f 05       		.byte	0x5
 721 0170 36       		.byte	0x36
 722 0171 CE000000 		.4byte	0xce
 723 0175 14       		.byte	0x14
 724 0176 08       		.uleb128 0x8
 725 0177 C9000000 		.4byte	.LASF32
 726 017b 05       		.byte	0x5
 727 017c 37       		.byte	0x37
 728 017d CE000000 		.4byte	0xce
 729 0181 16       		.byte	0x16
 730 0182 08       		.uleb128 0x8
 731 0183 4C000000 		.4byte	.LASF33
 732 0187 05       		.byte	0x5
 733 0188 38       		.byte	0x38
 734 0189 CE000000 		.4byte	0xce
 735 018d 18       		.byte	0x18
 736 018e 08       		.uleb128 0x8
 737 018f 3F010000 		.4byte	.LASF34
 738 0193 05       		.byte	0x5
 739 0194 39       		.byte	0x39
 740 0195 CE000000 		.4byte	0xce
 741 0199 1A       		.byte	0x1a
 742 019a 08       		.uleb128 0x8
 743 019b A2020000 		.4byte	.LASF35
 744 019f 05       		.byte	0x5
ARM GAS  C:\Users\18285\AppData\Local\Temp\cc9RpaCd.s 			page 18


 745 01a0 3A       		.byte	0x3a
 746 01a1 CE000000 		.4byte	0xce
 747 01a5 1C       		.byte	0x1c
 748 01a6 08       		.uleb128 0x8
 749 01a7 1E030000 		.4byte	.LASF36
 750 01ab 05       		.byte	0x5
 751 01ac 3B       		.byte	0x3b
 752 01ad CE000000 		.4byte	0xce
 753 01b1 1E       		.byte	0x1e
 754 01b2 00       		.byte	0
 755 01b3 09       		.uleb128 0x9
 756 01b4 C4030000 		.4byte	.LASF89
 757 01b8 01       		.byte	0x1
 758 01b9 21       		.byte	0x21
 759 01ba 00000000 		.4byte	.LFB64
 760 01be 0C000000 		.4byte	.LFE64-.LFB64
 761 01c2 01       		.uleb128 0x1
 762 01c3 9C       		.byte	0x9c
 763 01c4 0A       		.uleb128 0xa
 764 01c5 1E010000 		.4byte	.LASF37
 765 01c9 01       		.byte	0x1
 766 01ca 70       		.byte	0x70
 767 01cb 00000000 		.4byte	.LFB66
 768 01cf 28000000 		.4byte	.LFE66-.LFB66
 769 01d3 01       		.uleb128 0x1
 770 01d4 9C       		.byte	0x9c
 771 01d5 14020000 		.4byte	0x214
 772 01d9 0B       		.uleb128 0xb
 773 01da 7300     		.ascii	"s\000"
 774 01dc 01       		.byte	0x1
 775 01dd 70       		.byte	0x70
 776 01de 84000000 		.4byte	0x84
 777 01e2 00000000 		.4byte	.LLST0
 778 01e6 0C       		.uleb128 0xc
 779 01e7 08000000 		.4byte	.LVL2
 780 01eb 24060000 		.4byte	0x624
 781 01ef 0D       		.uleb128 0xd
 782 01f0 1E000000 		.4byte	.LVL3
 783 01f4 2F060000 		.4byte	0x62f
 784 01f8 03020000 		.4byte	0x203
 785 01fc 0E       		.uleb128 0xe
 786 01fd 01       		.uleb128 0x1
 787 01fe 50       		.byte	0x50
 788 01ff 02       		.uleb128 0x2
 789 0200 74       		.byte	0x74
 790 0201 00       		.sleb128 0
 791 0202 00       		.byte	0
 792 0203 0F       		.uleb128 0xf
 793 0204 26000000 		.4byte	.LVL4
 794 0208 3A060000 		.4byte	0x63a
 795 020c 0E       		.uleb128 0xe
 796 020d 01       		.uleb128 0x1
 797 020e 50       		.byte	0x50
 798 020f 02       		.uleb128 0x2
 799 0210 74       		.byte	0x74
 800 0211 00       		.sleb128 0
 801 0212 00       		.byte	0
ARM GAS  C:\Users\18285\AppData\Local\Temp\cc9RpaCd.s 			page 19


 802 0213 00       		.byte	0
 803 0214 0A       		.uleb128 0xa
 804 0215 00000000 		.4byte	.LASF38
 805 0219 01       		.byte	0x1
 806 021a 7E       		.byte	0x7e
 807 021b 00000000 		.4byte	.LFB67
 808 021f 14000000 		.4byte	.LFE67-.LFB67
 809 0223 01       		.uleb128 0x1
 810 0224 9C       		.byte	0x9c
 811 0225 50020000 		.4byte	0x250
 812 0229 0B       		.uleb128 0xb
 813 022a 6300     		.ascii	"c\000"
 814 022c 01       		.byte	0x1
 815 022d 7E       		.byte	0x7e
 816 022e 8A000000 		.4byte	0x8a
 817 0232 1E000000 		.4byte	.LLST1
 818 0236 0C       		.uleb128 0xc
 819 0237 08000000 		.4byte	.LVL7
 820 023b 24060000 		.4byte	0x624
 821 023f 0F       		.uleb128 0xf
 822 0240 12000000 		.4byte	.LVL8
 823 0244 45060000 		.4byte	0x645
 824 0248 0E       		.uleb128 0xe
 825 0249 01       		.uleb128 0x1
 826 024a 50       		.byte	0x50
 827 024b 02       		.uleb128 0x2
 828 024c 74       		.byte	0x74
 829 024d 00       		.sleb128 0
 830 024e 00       		.byte	0
 831 024f 00       		.byte	0
 832 0250 10       		.uleb128 0x10
 833 0251 2C040000 		.4byte	.LASF90
 834 0255 01       		.byte	0x1
 835 0256 86       		.byte	0x86
 836 0257 00000000 		.4byte	.LFB68
 837 025b 88000000 		.4byte	.LFE68-.LFB68
 838 025f 01       		.uleb128 0x1
 839 0260 9C       		.byte	0x9c
 840 0261 E9020000 		.4byte	0x2e9
 841 0265 11       		.uleb128 0x11
 842 0266 A8030000 		.4byte	.LASF39
 843 026a 01       		.byte	0x1
 844 026b 8C       		.byte	0x8c
 845 026c AA000000 		.4byte	0xaa
 846 0270 05       		.uleb128 0x5
 847 0271 03       		.byte	0x3
 848 0272 01000000 		.4byte	usbStarted.8647
 849 0276 11       		.uleb128 0x11
 850 0277 96020000 		.4byte	.LASF40
 851 027b 01       		.byte	0x1
 852 027c 8D       		.byte	0x8d
 853 027d B6000000 		.4byte	0xb6
 854 0281 05       		.uleb128 0x5
 855 0282 03       		.byte	0x3
 856 0283 02000000 		.4byte	usbBufCount.8648
 857 0287 12       		.uleb128 0x12
 858 0288 6300     		.ascii	"c\000"
ARM GAS  C:\Users\18285\AppData\Local\Temp\cc9RpaCd.s 			page 20


 859 028a 01       		.byte	0x1
 860 028b 8E       		.byte	0x8e
 861 028c AA000000 		.4byte	0xaa
 862 0290 3F000000 		.4byte	.LLST2
 863 0294 0C       		.uleb128 0xc
 864 0295 0C000000 		.4byte	.LVL9
 865 0299 50060000 		.4byte	0x650
 866 029d 0C       		.uleb128 0xc
 867 029e 14000000 		.4byte	.LVL10
 868 02a2 5C060000 		.4byte	0x65c
 869 02a6 0C       		.uleb128 0xc
 870 02a7 20000000 		.4byte	.LVL11
 871 02ab 67060000 		.4byte	0x667
 872 02af 0C       		.uleb128 0xc
 873 02b0 26000000 		.4byte	.LVL12
 874 02b4 72060000 		.4byte	0x672
 875 02b8 0D       		.uleb128 0xd
 876 02b9 40000000 		.4byte	.LVL14
 877 02bd 7D060000 		.4byte	0x67d
 878 02c1 D8020000 		.4byte	0x2d8
 879 02c5 0E       		.uleb128 0xe
 880 02c6 01       		.uleb128 0x1
 881 02c7 50       		.byte	0x50
 882 02c8 05       		.uleb128 0x5
 883 02c9 03       		.byte	0x3
 884 02ca 00000000 		.4byte	line
 885 02ce 0E       		.uleb128 0xe
 886 02cf 01       		.uleb128 0x1
 887 02d0 51       		.byte	0x51
 888 02d1 05       		.uleb128 0x5
 889 02d2 03       		.byte	0x3
 890 02d3 00000000 		.4byte	entry
 891 02d7 00       		.byte	0
 892 02d8 0F       		.uleb128 0xf
 893 02d9 6E000000 		.4byte	.LVL17
 894 02dd 45060000 		.4byte	0x645
 895 02e1 0E       		.uleb128 0xe
 896 02e2 01       		.uleb128 0x1
 897 02e3 50       		.byte	0x50
 898 02e4 02       		.uleb128 0x2
 899 02e5 08       		.byte	0x8
 900 02e6 21       		.byte	0x21
 901 02e7 00       		.byte	0
 902 02e8 00       		.byte	0
 903 02e9 13       		.uleb128 0x13
 904 02ea 8D000000 		.4byte	.LASF91
 905 02ee 01       		.byte	0x1
 906 02ef 25       		.byte	0x25
 907 02f0 68000000 		.4byte	0x68
 908 02f4 00000000 		.4byte	.LFB65
 909 02f8 F4000000 		.4byte	.LFE65-.LFB65
 910 02fc 01       		.uleb128 0x1
 911 02fd 9C       		.byte	0x9c
 912 02fe 8A040000 		.4byte	0x48a
 913 0302 14       		.uleb128 0x14
 914 0303 47010000 		.4byte	.LASF41
 915 0307 01       		.byte	0x1
ARM GAS  C:\Users\18285\AppData\Local\Temp\cc9RpaCd.s 			page 21


 916 0308 2F       		.byte	0x2f
 917 0309 9C000000 		.4byte	0x9c
 918 030d 68000000 		.4byte	.LLST3
 919 0311 0C       		.uleb128 0xc
 920 0312 08000000 		.4byte	.LVL20
 921 0316 88060000 		.4byte	0x688
 922 031a 0C       		.uleb128 0xc
 923 031b 0C000000 		.4byte	.LVL21
 924 031f 93060000 		.4byte	0x693
 925 0323 0C       		.uleb128 0xc
 926 0324 10000000 		.4byte	.LVL22
 927 0328 9E060000 		.4byte	0x69e
 928 032c 0D       		.uleb128 0xd
 929 032d 16000000 		.4byte	.LVL23
 930 0331 A9060000 		.4byte	0x6a9
 931 0335 43030000 		.4byte	0x343
 932 0339 0E       		.uleb128 0xe
 933 033a 01       		.uleb128 0x1
 934 033b 50       		.byte	0x50
 935 033c 05       		.uleb128 0x5
 936 033d 03       		.byte	0x3
 937 033e 00000000 		.4byte	isr_timer_EncoderCalculation
 938 0342 00       		.byte	0
 939 0343 0D       		.uleb128 0xd
 940 0344 1E000000 		.4byte	.LVL24
 941 0348 B4060000 		.4byte	0x6b4
 942 034c 5B030000 		.4byte	0x35b
 943 0350 0E       		.uleb128 0xe
 944 0351 01       		.uleb128 0x1
 945 0352 50       		.byte	0x50
 946 0353 01       		.uleb128 0x1
 947 0354 30       		.byte	0x30
 948 0355 0E       		.uleb128 0xe
 949 0356 01       		.uleb128 0x1
 950 0357 51       		.byte	0x51
 951 0358 01       		.uleb128 0x1
 952 0359 31       		.byte	0x31
 953 035a 00       		.byte	0
 954 035b 0D       		.uleb128 0xd
 955 035c 24000000 		.4byte	.LVL25
 956 0360 C0060000 		.4byte	0x6c0
 957 0364 6E030000 		.4byte	0x36e
 958 0368 0E       		.uleb128 0xe
 959 0369 01       		.uleb128 0x1
 960 036a 50       		.byte	0x50
 961 036b 01       		.uleb128 0x1
 962 036c 30       		.byte	0x30
 963 036d 00       		.byte	0
 964 036e 0D       		.uleb128 0xd
 965 036f 2A000000 		.4byte	.LVL26
 966 0373 CB060000 		.4byte	0x6cb
 967 0377 81030000 		.4byte	0x381
 968 037b 0E       		.uleb128 0xe
 969 037c 01       		.uleb128 0x1
 970 037d 50       		.byte	0x50
 971 037e 01       		.uleb128 0x1
 972 037f 30       		.byte	0x30
ARM GAS  C:\Users\18285\AppData\Local\Temp\cc9RpaCd.s 			page 22


 973 0380 00       		.byte	0
 974 0381 0D       		.uleb128 0xd
 975 0382 30000000 		.4byte	.LVL27
 976 0386 C4010000 		.4byte	0x1c4
 977 038a 98030000 		.4byte	0x398
 978 038e 0E       		.uleb128 0xe
 979 038f 01       		.uleb128 0x1
 980 0390 50       		.byte	0x50
 981 0391 05       		.uleb128 0x5
 982 0392 03       		.byte	0x3
 983 0393 00000000 		.4byte	.LANCHOR1
 984 0397 00       		.byte	0
 985 0398 0C       		.uleb128 0xc
 986 0399 3C000000 		.4byte	.LVL28
 987 039d D6060000 		.4byte	0x6d6
 988 03a1 0D       		.uleb128 0xd
 989 03a2 56000000 		.4byte	.LVL32
 990 03a6 E1060000 		.4byte	0x6e1
 991 03aa BE030000 		.4byte	0x3be
 992 03ae 0E       		.uleb128 0xe
 993 03af 01       		.uleb128 0x1
 994 03b0 50       		.byte	0x50
 995 03b1 02       		.uleb128 0x2
 996 03b2 74       		.byte	0x74
 997 03b3 00       		.sleb128 0
 998 03b4 0E       		.uleb128 0xe
 999 03b5 01       		.uleb128 0x1
 1000 03b6 51       		.byte	0x51
 1001 03b7 05       		.uleb128 0x5
 1002 03b8 03       		.byte	0x3
 1003 03b9 00000000 		.4byte	.LC0
 1004 03bd 00       		.byte	0
 1005 03be 0D       		.uleb128 0xd
 1006 03bf 5C000000 		.4byte	.LVL33
 1007 03c3 C4010000 		.4byte	0x1c4
 1008 03c7 D5030000 		.4byte	0x3d5
 1009 03cb 0E       		.uleb128 0xe
 1010 03cc 01       		.uleb128 0x1
 1011 03cd 50       		.byte	0x50
 1012 03ce 05       		.uleb128 0x5
 1013 03cf 03       		.byte	0x3
 1014 03d0 40000000 		.4byte	.LANCHOR1+64
 1015 03d4 00       		.byte	0
 1016 03d5 0D       		.uleb128 0xd
 1017 03d6 62000000 		.4byte	.LVL34
 1018 03da C4010000 		.4byte	0x1c4
 1019 03de E9030000 		.4byte	0x3e9
 1020 03e2 0E       		.uleb128 0xe
 1021 03e3 01       		.uleb128 0x1
 1022 03e4 50       		.byte	0x50
 1023 03e5 02       		.uleb128 0x2
 1024 03e6 74       		.byte	0x74
 1025 03e7 00       		.sleb128 0
 1026 03e8 00       		.byte	0
 1027 03e9 0D       		.uleb128 0xd
 1028 03ea 68000000 		.4byte	.LVL35
 1029 03ee C4010000 		.4byte	0x1c4
ARM GAS  C:\Users\18285\AppData\Local\Temp\cc9RpaCd.s 			page 23


 1030 03f2 00040000 		.4byte	0x400
 1031 03f6 0E       		.uleb128 0xe
 1032 03f7 01       		.uleb128 0x1
 1033 03f8 50       		.byte	0x50
 1034 03f9 05       		.uleb128 0x5
 1035 03fa 03       		.byte	0x3
 1036 03fb 08000000 		.4byte	.LC1
 1037 03ff 00       		.byte	0
 1038 0400 0D       		.uleb128 0xd
 1039 0401 6E000000 		.4byte	.LVL36
 1040 0405 C0060000 		.4byte	0x6c0
 1041 0409 13040000 		.4byte	0x413
 1042 040d 0E       		.uleb128 0xe
 1043 040e 01       		.uleb128 0x1
 1044 040f 50       		.byte	0x50
 1045 0410 01       		.uleb128 0x1
 1046 0411 30       		.byte	0x30
 1047 0412 00       		.byte	0
 1048 0413 0C       		.uleb128 0xc
 1049 0414 78000000 		.4byte	.LVL37
 1050 0418 50020000 		.4byte	0x250
 1051 041c 0D       		.uleb128 0xd
 1052 041d 88000000 		.4byte	.LVL38
 1053 0421 C4010000 		.4byte	0x1c4
 1054 0425 30040000 		.4byte	0x430
 1055 0429 0E       		.uleb128 0xe
 1056 042a 01       		.uleb128 0x1
 1057 042b 50       		.byte	0x50
 1058 042c 02       		.uleb128 0x2
 1059 042d 74       		.byte	0x74
 1060 042e 00       		.sleb128 0
 1061 042f 00       		.byte	0
 1062 0430 0D       		.uleb128 0xd
 1063 0431 8E000000 		.4byte	.LVL39
 1064 0435 EC060000 		.4byte	0x6ec
 1065 0439 44040000 		.4byte	0x444
 1066 043d 0E       		.uleb128 0xe
 1067 043e 01       		.uleb128 0x1
 1068 043f 50       		.byte	0x50
 1069 0440 02       		.uleb128 0x2
 1070 0441 74       		.byte	0x74
 1071 0442 00       		.sleb128 0
 1072 0443 00       		.byte	0
 1073 0444 0C       		.uleb128 0xc
 1074 0445 94000000 		.4byte	.LVL40
 1075 0449 F7060000 		.4byte	0x6f7
 1076 044d 0D       		.uleb128 0xd
 1077 044e 9C000000 		.4byte	.LVL41
 1078 0452 EC060000 		.4byte	0x6ec
 1079 0456 64040000 		.4byte	0x464
 1080 045a 0E       		.uleb128 0xe
 1081 045b 01       		.uleb128 0x1
 1082 045c 50       		.byte	0x50
 1083 045d 05       		.uleb128 0x5
 1084 045e 03       		.byte	0x3
 1085 045f 00000000 		.4byte	line
 1086 0463 00       		.byte	0
ARM GAS  C:\Users\18285\AppData\Local\Temp\cc9RpaCd.s 			page 24


 1087 0464 0C       		.uleb128 0xc
 1088 0465 BA000000 		.4byte	.LVL45
 1089 0469 02070000 		.4byte	0x702
 1090 046d 0C       		.uleb128 0xc
 1091 046e BE000000 		.4byte	.LVL46
 1092 0472 0D070000 		.4byte	0x70d
 1093 0476 0F       		.uleb128 0xf
 1094 0477 C4000000 		.4byte	.LVL47
 1095 047b C4010000 		.4byte	0x1c4
 1096 047f 0E       		.uleb128 0xe
 1097 0480 01       		.uleb128 0x1
 1098 0481 50       		.byte	0x50
 1099 0482 05       		.uleb128 0x5
 1100 0483 03       		.byte	0x3
 1101 0484 0C000000 		.4byte	.LC2
 1102 0488 00       		.byte	0
 1103 0489 00       		.byte	0
 1104 048a 15       		.uleb128 0x15
 1105 048b 6F040000 		.4byte	.LASF42
 1106 048f 06       		.byte	0x6
 1107 0490 1207     		.2byte	0x712
 1108 0492 96040000 		.4byte	0x496
 1109 0496 16       		.uleb128 0x16
 1110 0497 91000000 		.4byte	0x91
 1111 049b 17       		.uleb128 0x17
 1112 049c 747300   		.ascii	"ts\000"
 1113 049f 05       		.byte	0x5
 1114 04a0 10       		.byte	0x10
 1115 04a1 AA000000 		.4byte	0xaa
 1116 04a5 05       		.uleb128 0x5
 1117 04a6 03       		.byte	0x3
 1118 04a7 00000000 		.4byte	ts
 1119 04ab 18       		.uleb128 0x18
 1120 04ac 18000000 		.4byte	.LASF43
 1121 04b0 05       		.byte	0x5
 1122 04b1 11       		.byte	0x11
 1123 04b2 B6000000 		.4byte	0xb6
 1124 04b6 05       		.uleb128 0x5
 1125 04b7 03       		.byte	0x3
 1126 04b8 00000000 		.4byte	ts_enc
 1127 04bc 18       		.uleb128 0x18
 1128 04bd 22040000 		.4byte	.LASF44
 1129 04c1 05       		.byte	0x5
 1130 04c2 12       		.byte	0x12
 1131 04c3 B6000000 		.4byte	0xb6
 1132 04c7 05       		.uleb128 0x5
 1133 04c8 03       		.byte	0x3
 1134 04c9 00000000 		.4byte	ts_update
 1135 04cd 18       		.uleb128 0x18
 1136 04ce E1030000 		.4byte	.LASF45
 1137 04d2 05       		.byte	0x5
 1138 04d3 13       		.byte	0x13
 1139 04d4 B6000000 		.4byte	0xb6
 1140 04d8 05       		.uleb128 0x5
 1141 04d9 03       		.byte	0x3
 1142 04da 00000000 		.4byte	ts_speed
 1143 04de 18       		.uleb128 0x18
ARM GAS  C:\Users\18285\AppData\Local\Temp\cc9RpaCd.s 			page 25


 1144 04df 17040000 		.4byte	.LASF46
 1145 04e3 05       		.byte	0x5
 1146 04e4 14       		.byte	0x14
 1147 04e5 B6000000 		.4byte	0xb6
 1148 04e9 05       		.uleb128 0x5
 1149 04ea 03       		.byte	0x3
 1150 04eb 00000000 		.4byte	ts_display
 1151 04ef 18       		.uleb128 0x18
 1152 04f0 EA030000 		.4byte	.LASF47
 1153 04f4 05       		.byte	0x5
 1154 04f5 16       		.byte	0x16
 1155 04f6 AA000000 		.4byte	0xaa
 1156 04fa 05       		.uleb128 0x5
 1157 04fb 03       		.byte	0x3
 1158 04fc 00000000 		.4byte	flag_ts_enc
 1159 0500 18       		.uleb128 0x18
 1160 0501 30010000 		.4byte	.LASF48
 1161 0505 05       		.byte	0x5
 1162 0506 17       		.byte	0x17
 1163 0507 AA000000 		.4byte	0xaa
 1164 050b 05       		.uleb128 0x5
 1165 050c 03       		.byte	0x3
 1166 050d 00000000 		.4byte	flag_ts_update
 1167 0511 18       		.uleb128 0x18
 1168 0512 3E000000 		.4byte	.LASF49
 1169 0516 05       		.byte	0x5
 1170 0517 18       		.byte	0x18
 1171 0518 AA000000 		.4byte	0xaa
 1172 051c 05       		.uleb128 0x5
 1173 051d 03       		.byte	0x3
 1174 051e 00000000 		.4byte	flag_ts_speed
 1175 0522 18       		.uleb128 0x18
 1176 0523 86010000 		.4byte	.LASF50
 1177 0527 05       		.byte	0x5
 1178 0528 19       		.byte	0x19
 1179 0529 AA000000 		.4byte	0xaa
 1180 052d 05       		.uleb128 0x5
 1181 052e 03       		.byte	0x3
 1182 052f 00000000 		.4byte	flag_ts_display
 1183 0533 18       		.uleb128 0x18
 1184 0534 96010000 		.4byte	.LASF51
 1185 0538 05       		.byte	0x5
 1186 0539 1C       		.byte	0x1c
 1187 053a AA000000 		.4byte	0xaa
 1188 053e 05       		.uleb128 0x5
 1189 053f 03       		.byte	0x3
 1190 0540 00000000 		.4byte	flag_rx
 1191 0544 18       		.uleb128 0x18
 1192 0545 26000000 		.4byte	.LASF52
 1193 0549 05       		.byte	0x5
 1194 054a 1D       		.byte	0x1d
 1195 054b AA000000 		.4byte	0xaa
 1196 054f 05       		.uleb128 0x5
 1197 0550 03       		.byte	0x3
 1198 0551 00000000 		.4byte	flag_packet
 1199 0555 18       		.uleb128 0x18
 1200 0556 87020000 		.4byte	.LASF53
ARM GAS  C:\Users\18285\AppData\Local\Temp\cc9RpaCd.s 			page 26


 1201 055a 05       		.byte	0x5
 1202 055b 1E       		.byte	0x1e
 1203 055c AA000000 		.4byte	0xaa
 1204 0560 05       		.uleb128 0x5
 1205 0561 03       		.byte	0x3
 1206 0562 00000000 		.4byte	flag_KB_string
 1207 0566 18       		.uleb128 0x18
 1208 0567 38020000 		.4byte	.LASF54
 1209 056b 05       		.byte	0x5
 1210 056c 20       		.byte	0x20
 1211 056d AA000000 		.4byte	0xaa
 1212 0571 05       		.uleb128 0x5
 1213 0572 03       		.byte	0x3
 1214 0573 00000000 		.4byte	dataready_flag
 1215 0577 18       		.uleb128 0x18
 1216 0578 37040000 		.4byte	.LASF55
 1217 057c 05       		.byte	0x5
 1218 057d 22       		.byte	0x22
 1219 057e AA000000 		.4byte	0xaa
 1220 0582 05       		.uleb128 0x5
 1221 0583 03       		.byte	0x3
 1222 0584 00000000 		.4byte	flag_rf_transmission_active
 1223 0588 19       		.uleb128 0x19
 1224 0589 8A000000 		.4byte	0x8a
 1225 058d 98050000 		.4byte	0x598
 1226 0591 1A       		.uleb128 0x1a
 1227 0592 7D000000 		.4byte	0x7d
 1228 0596 3F       		.byte	0x3f
 1229 0597 00       		.byte	0
 1230 0598 18       		.uleb128 0x18
 1231 0599 92000000 		.4byte	.LASF56
 1232 059d 05       		.byte	0x5
 1233 059e 25       		.byte	0x25
 1234 059f 88050000 		.4byte	0x588
 1235 05a3 05       		.uleb128 0x5
 1236 05a4 03       		.byte	0x3
 1237 05a5 00000000 		.4byte	message_encoder
 1238 05a9 18       		.uleb128 0x18
 1239 05aa 71030000 		.4byte	.LASF57
 1240 05ae 05       		.byte	0x5
 1241 05af 26       		.byte	0x26
 1242 05b0 88050000 		.4byte	0x588
 1243 05b4 05       		.uleb128 0x5
 1244 05b5 03       		.byte	0x3
 1245 05b6 00000000 		.4byte	displaystring
 1246 05ba 18       		.uleb128 0x18
 1247 05bb D6000000 		.4byte	.LASF58
 1248 05bf 05       		.byte	0x5
 1249 05c0 27       		.byte	0x27
 1250 05c1 88050000 		.4byte	0x588
 1251 05c5 05       		.uleb128 0x5
 1252 05c6 03       		.byte	0x3
 1253 05c7 00000000 		.4byte	line
 1254 05cb 18       		.uleb128 0x18
 1255 05cc B1010000 		.4byte	.LASF59
 1256 05d0 05       		.byte	0x5
 1257 05d1 27       		.byte	0x27
ARM GAS  C:\Users\18285\AppData\Local\Temp\cc9RpaCd.s 			page 27


 1258 05d2 88050000 		.4byte	0x588
 1259 05d6 05       		.uleb128 0x5
 1260 05d7 03       		.byte	0x3
 1261 05d8 00000000 		.4byte	entry
 1262 05dc 19       		.uleb128 0x19
 1263 05dd AA000000 		.4byte	0xaa
 1264 05e1 EC050000 		.4byte	0x5ec
 1265 05e5 1A       		.uleb128 0x1a
 1266 05e6 7D000000 		.4byte	0x7d
 1267 05ea 3F       		.byte	0x3f
 1268 05eb 00       		.byte	0
 1269 05ec 18       		.uleb128 0x18
 1270 05ed 83000000 		.4byte	.LASF60
 1271 05f1 05       		.byte	0x5
 1272 05f2 28       		.byte	0x28
 1273 05f3 DC050000 		.4byte	0x5dc
 1274 05f7 05       		.uleb128 0x5
 1275 05f8 03       		.byte	0x3
 1276 05f9 00000000 		.4byte	usbBuffer
 1277 05fd 18       		.uleb128 0x18
 1278 05fe 5E000000 		.4byte	.LASF61
 1279 0602 05       		.byte	0x5
 1280 0603 3D       		.byte	0x3d
 1281 0604 DA000000 		.4byte	0xda
 1282 0608 05       		.uleb128 0x5
 1283 0609 03       		.byte	0x3
 1284 060a 00000000 		.4byte	system_state
 1285 060e 18       		.uleb128 0x18
 1286 060f 0B000000 		.4byte	.LASF62
 1287 0613 01       		.byte	0x1
 1288 0614 1F       		.byte	0x1f
 1289 0615 1F060000 		.4byte	0x61f
 1290 0619 05       		.uleb128 0x5
 1291 061a 03       		.byte	0x3
 1292 061b 00000000 		.4byte	flag_encoder
 1293 061f 16       		.uleb128 0x16
 1294 0620 C2000000 		.4byte	0xc2
 1295 0624 1B       		.uleb128 0x1b
 1296 0625 45030000 		.4byte	.LASF63
 1297 0629 45030000 		.4byte	.LASF63
 1298 062d 07       		.byte	0x7
 1299 062e 28       		.byte	0x28
 1300 062f 1B       		.uleb128 0x1b
 1301 0630 07030000 		.4byte	.LASF64
 1302 0634 07030000 		.4byte	.LASF64
 1303 0638 08       		.byte	0x8
 1304 0639 21       		.byte	0x21
 1305 063a 1B       		.uleb128 0x1b
 1306 063b 98030000 		.4byte	.LASF65
 1307 063f 98030000 		.4byte	.LASF65
 1308 0643 07       		.byte	0x7
 1309 0644 23       		.byte	0x23
 1310 0645 1B       		.uleb128 0x1b
 1311 0646 61030000 		.4byte	.LASF66
 1312 064a 61030000 		.4byte	.LASF66
 1313 064e 07       		.byte	0x7
 1314 064f 25       		.byte	0x25
ARM GAS  C:\Users\18285\AppData\Local\Temp\cc9RpaCd.s 			page 28


 1315 0650 1C       		.uleb128 0x1c
 1316 0651 F7000000 		.4byte	.LASF67
 1317 0655 F7000000 		.4byte	.LASF67
 1318 0659 09       		.byte	0x9
 1319 065a 2E01     		.2byte	0x12e
 1320 065c 1B       		.uleb128 0x1b
 1321 065d 5E040000 		.4byte	.LASF68
 1322 0661 5E040000 		.4byte	.LASF68
 1323 0665 07       		.byte	0x7
 1324 0666 22       		.byte	0x22
 1325 0667 1B       		.uleb128 0x1b
 1326 0668 21050000 		.4byte	.LASF69
 1327 066c 21050000 		.4byte	.LASF69
 1328 0670 07       		.byte	0x7
 1329 0671 29       		.byte	0x29
 1330 0672 1B       		.uleb128 0x1b
 1331 0673 53020000 		.4byte	.LASF70
 1332 0677 53020000 		.4byte	.LASF70
 1333 067b 07       		.byte	0x7
 1334 067c 2C       		.byte	0x2c
 1335 067d 1B       		.uleb128 0x1b
 1336 067e 3E030000 		.4byte	.LASF71
 1337 0682 3E030000 		.4byte	.LASF71
 1338 0686 08       		.byte	0x8
 1339 0687 1E       		.byte	0x1e
 1340 0688 1B       		.uleb128 0x1b
 1341 0689 32000000 		.4byte	.LASF72
 1342 068d 32000000 		.4byte	.LASF72
 1343 0691 0A       		.byte	0xa
 1344 0692 92       		.byte	0x92
 1345 0693 1B       		.uleb128 0x1b
 1346 0694 B3030000 		.4byte	.LASF73
 1347 0698 B3030000 		.4byte	.LASF73
 1348 069c 0B       		.byte	0xb
 1349 069d 48       		.byte	0x48
 1350 069e 1B       		.uleb128 0x1b
 1351 069f 74000000 		.4byte	.LASF74
 1352 06a3 74000000 		.4byte	.LASF74
 1353 06a7 0C       		.byte	0xc
 1354 06a8 5A       		.byte	0x5a
 1355 06a9 1B       		.uleb128 0x1b
 1356 06aa 00040000 		.4byte	.LASF75
 1357 06ae 00040000 		.4byte	.LASF75
 1358 06b2 0D       		.byte	0xd
 1359 06b3 18       		.byte	0x18
 1360 06b4 1C       		.uleb128 0x1c
 1361 06b5 A2000000 		.4byte	.LASF76
 1362 06b9 A2000000 		.4byte	.LASF76
 1363 06bd 09       		.byte	0x9
 1364 06be 2B01     		.2byte	0x12b
 1365 06c0 1B       		.uleb128 0x1b
 1366 06c1 D7020000 		.4byte	.LASF77
 1367 06c5 D7020000 		.4byte	.LASF77
 1368 06c9 0B       		.byte	0xb
 1369 06ca 4F       		.byte	0x4f
 1370 06cb 1B       		.uleb128 0x1b
 1371 06cc 2B030000 		.4byte	.LASF78
ARM GAS  C:\Users\18285\AppData\Local\Temp\cc9RpaCd.s 			page 29


 1372 06d0 2B030000 		.4byte	.LASF78
 1373 06d4 0E       		.byte	0xe
 1374 06d5 2F       		.byte	0x2f
 1375 06d6 1B       		.uleb128 0x1b
 1376 06d7 DB000000 		.4byte	.LASF79
 1377 06db DB000000 		.4byte	.LASF79
 1378 06df 0B       		.byte	0xb
 1379 06e0 4E       		.byte	0x4e
 1380 06e1 1B       		.uleb128 0x1b
 1381 06e2 2B020000 		.4byte	.LASF80
 1382 06e6 2B020000 		.4byte	.LASF80
 1383 06ea 0F       		.byte	0xf
 1384 06eb E7       		.byte	0xe7
 1385 06ec 1B       		.uleb128 0x1b
 1386 06ed 33020000 		.4byte	.LASF81
 1387 06f1 33020000 		.4byte	.LASF81
 1388 06f5 10       		.byte	0x10
 1389 06f6 4D       		.byte	0x4d
 1390 06f7 1B       		.uleb128 0x1b
 1391 06f8 AB020000 		.4byte	.LASF82
 1392 06fc AB020000 		.4byte	.LASF82
 1393 0700 0A       		.byte	0xa
 1394 0701 C0       		.byte	0xc0
 1395 0702 1B       		.uleb128 0x1b
 1396 0703 9E010000 		.4byte	.LASF83
 1397 0707 9E010000 		.4byte	.LASF83
 1398 070b 0A       		.byte	0xa
 1399 070c C3       		.byte	0xc3
 1400 070d 1B       		.uleb128 0x1b
 1401 070e 75010000 		.4byte	.LASF84
 1402 0712 75010000 		.4byte	.LASF84
 1403 0716 0A       		.byte	0xa
 1404 0717 DE       		.byte	0xde
 1405 0718 00       		.byte	0
 1406              		.section	.debug_abbrev,"",%progbits
 1407              	.Ldebug_abbrev0:
 1408 0000 01       		.uleb128 0x1
 1409 0001 11       		.uleb128 0x11
 1410 0002 01       		.byte	0x1
 1411 0003 25       		.uleb128 0x25
 1412 0004 0E       		.uleb128 0xe
 1413 0005 13       		.uleb128 0x13
 1414 0006 0B       		.uleb128 0xb
 1415 0007 03       		.uleb128 0x3
 1416 0008 0E       		.uleb128 0xe
 1417 0009 1B       		.uleb128 0x1b
 1418 000a 0E       		.uleb128 0xe
 1419 000b 55       		.uleb128 0x55
 1420 000c 17       		.uleb128 0x17
 1421 000d 11       		.uleb128 0x11
 1422 000e 01       		.uleb128 0x1
 1423 000f 10       		.uleb128 0x10
 1424 0010 17       		.uleb128 0x17
 1425 0011 00       		.byte	0
 1426 0012 00       		.byte	0
 1427 0013 02       		.uleb128 0x2
 1428 0014 24       		.uleb128 0x24
ARM GAS  C:\Users\18285\AppData\Local\Temp\cc9RpaCd.s 			page 30


 1429 0015 00       		.byte	0
 1430 0016 0B       		.uleb128 0xb
 1431 0017 0B       		.uleb128 0xb
 1432 0018 3E       		.uleb128 0x3e
 1433 0019 0B       		.uleb128 0xb
 1434 001a 03       		.uleb128 0x3
 1435 001b 0E       		.uleb128 0xe
 1436 001c 00       		.byte	0
 1437 001d 00       		.byte	0
 1438 001e 03       		.uleb128 0x3
 1439 001f 16       		.uleb128 0x16
 1440 0020 00       		.byte	0
 1441 0021 03       		.uleb128 0x3
 1442 0022 0E       		.uleb128 0xe
 1443 0023 3A       		.uleb128 0x3a
 1444 0024 0B       		.uleb128 0xb
 1445 0025 3B       		.uleb128 0x3b
 1446 0026 0B       		.uleb128 0xb
 1447 0027 49       		.uleb128 0x49
 1448 0028 13       		.uleb128 0x13
 1449 0029 00       		.byte	0
 1450 002a 00       		.byte	0
 1451 002b 04       		.uleb128 0x4
 1452 002c 24       		.uleb128 0x24
 1453 002d 00       		.byte	0
 1454 002e 0B       		.uleb128 0xb
 1455 002f 0B       		.uleb128 0xb
 1456 0030 3E       		.uleb128 0x3e
 1457 0031 0B       		.uleb128 0xb
 1458 0032 03       		.uleb128 0x3
 1459 0033 08       		.uleb128 0x8
 1460 0034 00       		.byte	0
 1461 0035 00       		.byte	0
 1462 0036 05       		.uleb128 0x5
 1463 0037 0F       		.uleb128 0xf
 1464 0038 00       		.byte	0
 1465 0039 0B       		.uleb128 0xb
 1466 003a 0B       		.uleb128 0xb
 1467 003b 49       		.uleb128 0x49
 1468 003c 13       		.uleb128 0x13
 1469 003d 00       		.byte	0
 1470 003e 00       		.byte	0
 1471 003f 06       		.uleb128 0x6
 1472 0040 16       		.uleb128 0x16
 1473 0041 00       		.byte	0
 1474 0042 03       		.uleb128 0x3
 1475 0043 0E       		.uleb128 0xe
 1476 0044 3A       		.uleb128 0x3a
 1477 0045 0B       		.uleb128 0xb
 1478 0046 3B       		.uleb128 0x3b
 1479 0047 05       		.uleb128 0x5
 1480 0048 49       		.uleb128 0x49
 1481 0049 13       		.uleb128 0x13
 1482 004a 00       		.byte	0
 1483 004b 00       		.byte	0
 1484 004c 07       		.uleb128 0x7
 1485 004d 13       		.uleb128 0x13
ARM GAS  C:\Users\18285\AppData\Local\Temp\cc9RpaCd.s 			page 31


 1486 004e 01       		.byte	0x1
 1487 004f 03       		.uleb128 0x3
 1488 0050 0E       		.uleb128 0xe
 1489 0051 0B       		.uleb128 0xb
 1490 0052 0B       		.uleb128 0xb
 1491 0053 3A       		.uleb128 0x3a
 1492 0054 0B       		.uleb128 0xb
 1493 0055 3B       		.uleb128 0x3b
 1494 0056 0B       		.uleb128 0xb
 1495 0057 01       		.uleb128 0x1
 1496 0058 13       		.uleb128 0x13
 1497 0059 00       		.byte	0
 1498 005a 00       		.byte	0
 1499 005b 08       		.uleb128 0x8
 1500 005c 0D       		.uleb128 0xd
 1501 005d 00       		.byte	0
 1502 005e 03       		.uleb128 0x3
 1503 005f 0E       		.uleb128 0xe
 1504 0060 3A       		.uleb128 0x3a
 1505 0061 0B       		.uleb128 0xb
 1506 0062 3B       		.uleb128 0x3b
 1507 0063 0B       		.uleb128 0xb
 1508 0064 49       		.uleb128 0x49
 1509 0065 13       		.uleb128 0x13
 1510 0066 38       		.uleb128 0x38
 1511 0067 0B       		.uleb128 0xb
 1512 0068 00       		.byte	0
 1513 0069 00       		.byte	0
 1514 006a 09       		.uleb128 0x9
 1515 006b 2E       		.uleb128 0x2e
 1516 006c 00       		.byte	0
 1517 006d 3F       		.uleb128 0x3f
 1518 006e 19       		.uleb128 0x19
 1519 006f 03       		.uleb128 0x3
 1520 0070 0E       		.uleb128 0xe
 1521 0071 3A       		.uleb128 0x3a
 1522 0072 0B       		.uleb128 0xb
 1523 0073 3B       		.uleb128 0x3b
 1524 0074 0B       		.uleb128 0xb
 1525 0075 27       		.uleb128 0x27
 1526 0076 19       		.uleb128 0x19
 1527 0077 11       		.uleb128 0x11
 1528 0078 01       		.uleb128 0x1
 1529 0079 12       		.uleb128 0x12
 1530 007a 06       		.uleb128 0x6
 1531 007b 40       		.uleb128 0x40
 1532 007c 18       		.uleb128 0x18
 1533 007d 9742     		.uleb128 0x2117
 1534 007f 19       		.uleb128 0x19
 1535 0080 00       		.byte	0
 1536 0081 00       		.byte	0
 1537 0082 0A       		.uleb128 0xa
 1538 0083 2E       		.uleb128 0x2e
 1539 0084 01       		.byte	0x1
 1540 0085 3F       		.uleb128 0x3f
 1541 0086 19       		.uleb128 0x19
 1542 0087 03       		.uleb128 0x3
ARM GAS  C:\Users\18285\AppData\Local\Temp\cc9RpaCd.s 			page 32


 1543 0088 0E       		.uleb128 0xe
 1544 0089 3A       		.uleb128 0x3a
 1545 008a 0B       		.uleb128 0xb
 1546 008b 3B       		.uleb128 0x3b
 1547 008c 0B       		.uleb128 0xb
 1548 008d 27       		.uleb128 0x27
 1549 008e 19       		.uleb128 0x19
 1550 008f 11       		.uleb128 0x11
 1551 0090 01       		.uleb128 0x1
 1552 0091 12       		.uleb128 0x12
 1553 0092 06       		.uleb128 0x6
 1554 0093 40       		.uleb128 0x40
 1555 0094 18       		.uleb128 0x18
 1556 0095 9742     		.uleb128 0x2117
 1557 0097 19       		.uleb128 0x19
 1558 0098 01       		.uleb128 0x1
 1559 0099 13       		.uleb128 0x13
 1560 009a 00       		.byte	0
 1561 009b 00       		.byte	0
 1562 009c 0B       		.uleb128 0xb
 1563 009d 05       		.uleb128 0x5
 1564 009e 00       		.byte	0
 1565 009f 03       		.uleb128 0x3
 1566 00a0 08       		.uleb128 0x8
 1567 00a1 3A       		.uleb128 0x3a
 1568 00a2 0B       		.uleb128 0xb
 1569 00a3 3B       		.uleb128 0x3b
 1570 00a4 0B       		.uleb128 0xb
 1571 00a5 49       		.uleb128 0x49
 1572 00a6 13       		.uleb128 0x13
 1573 00a7 02       		.uleb128 0x2
 1574 00a8 17       		.uleb128 0x17
 1575 00a9 00       		.byte	0
 1576 00aa 00       		.byte	0
 1577 00ab 0C       		.uleb128 0xc
 1578 00ac 898201   		.uleb128 0x4109
 1579 00af 00       		.byte	0
 1580 00b0 11       		.uleb128 0x11
 1581 00b1 01       		.uleb128 0x1
 1582 00b2 31       		.uleb128 0x31
 1583 00b3 13       		.uleb128 0x13
 1584 00b4 00       		.byte	0
 1585 00b5 00       		.byte	0
 1586 00b6 0D       		.uleb128 0xd
 1587 00b7 898201   		.uleb128 0x4109
 1588 00ba 01       		.byte	0x1
 1589 00bb 11       		.uleb128 0x11
 1590 00bc 01       		.uleb128 0x1
 1591 00bd 31       		.uleb128 0x31
 1592 00be 13       		.uleb128 0x13
 1593 00bf 01       		.uleb128 0x1
 1594 00c0 13       		.uleb128 0x13
 1595 00c1 00       		.byte	0
 1596 00c2 00       		.byte	0
 1597 00c3 0E       		.uleb128 0xe
 1598 00c4 8A8201   		.uleb128 0x410a
 1599 00c7 00       		.byte	0
ARM GAS  C:\Users\18285\AppData\Local\Temp\cc9RpaCd.s 			page 33


 1600 00c8 02       		.uleb128 0x2
 1601 00c9 18       		.uleb128 0x18
 1602 00ca 9142     		.uleb128 0x2111
 1603 00cc 18       		.uleb128 0x18
 1604 00cd 00       		.byte	0
 1605 00ce 00       		.byte	0
 1606 00cf 0F       		.uleb128 0xf
 1607 00d0 898201   		.uleb128 0x4109
 1608 00d3 01       		.byte	0x1
 1609 00d4 11       		.uleb128 0x11
 1610 00d5 01       		.uleb128 0x1
 1611 00d6 31       		.uleb128 0x31
 1612 00d7 13       		.uleb128 0x13
 1613 00d8 00       		.byte	0
 1614 00d9 00       		.byte	0
 1615 00da 10       		.uleb128 0x10
 1616 00db 2E       		.uleb128 0x2e
 1617 00dc 01       		.byte	0x1
 1618 00dd 3F       		.uleb128 0x3f
 1619 00de 19       		.uleb128 0x19
 1620 00df 03       		.uleb128 0x3
 1621 00e0 0E       		.uleb128 0xe
 1622 00e1 3A       		.uleb128 0x3a
 1623 00e2 0B       		.uleb128 0xb
 1624 00e3 3B       		.uleb128 0x3b
 1625 00e4 0B       		.uleb128 0xb
 1626 00e5 11       		.uleb128 0x11
 1627 00e6 01       		.uleb128 0x1
 1628 00e7 12       		.uleb128 0x12
 1629 00e8 06       		.uleb128 0x6
 1630 00e9 40       		.uleb128 0x40
 1631 00ea 18       		.uleb128 0x18
 1632 00eb 9742     		.uleb128 0x2117
 1633 00ed 19       		.uleb128 0x19
 1634 00ee 01       		.uleb128 0x1
 1635 00ef 13       		.uleb128 0x13
 1636 00f0 00       		.byte	0
 1637 00f1 00       		.byte	0
 1638 00f2 11       		.uleb128 0x11
 1639 00f3 34       		.uleb128 0x34
 1640 00f4 00       		.byte	0
 1641 00f5 03       		.uleb128 0x3
 1642 00f6 0E       		.uleb128 0xe
 1643 00f7 3A       		.uleb128 0x3a
 1644 00f8 0B       		.uleb128 0xb
 1645 00f9 3B       		.uleb128 0x3b
 1646 00fa 0B       		.uleb128 0xb
 1647 00fb 49       		.uleb128 0x49
 1648 00fc 13       		.uleb128 0x13
 1649 00fd 02       		.uleb128 0x2
 1650 00fe 18       		.uleb128 0x18
 1651 00ff 00       		.byte	0
 1652 0100 00       		.byte	0
 1653 0101 12       		.uleb128 0x12
 1654 0102 34       		.uleb128 0x34
 1655 0103 00       		.byte	0
 1656 0104 03       		.uleb128 0x3
ARM GAS  C:\Users\18285\AppData\Local\Temp\cc9RpaCd.s 			page 34


 1657 0105 08       		.uleb128 0x8
 1658 0106 3A       		.uleb128 0x3a
 1659 0107 0B       		.uleb128 0xb
 1660 0108 3B       		.uleb128 0x3b
 1661 0109 0B       		.uleb128 0xb
 1662 010a 49       		.uleb128 0x49
 1663 010b 13       		.uleb128 0x13
 1664 010c 02       		.uleb128 0x2
 1665 010d 17       		.uleb128 0x17
 1666 010e 00       		.byte	0
 1667 010f 00       		.byte	0
 1668 0110 13       		.uleb128 0x13
 1669 0111 2E       		.uleb128 0x2e
 1670 0112 01       		.byte	0x1
 1671 0113 3F       		.uleb128 0x3f
 1672 0114 19       		.uleb128 0x19
 1673 0115 03       		.uleb128 0x3
 1674 0116 0E       		.uleb128 0xe
 1675 0117 3A       		.uleb128 0x3a
 1676 0118 0B       		.uleb128 0xb
 1677 0119 3B       		.uleb128 0x3b
 1678 011a 0B       		.uleb128 0xb
 1679 011b 49       		.uleb128 0x49
 1680 011c 13       		.uleb128 0x13
 1681 011d 8701     		.uleb128 0x87
 1682 011f 19       		.uleb128 0x19
 1683 0120 11       		.uleb128 0x11
 1684 0121 01       		.uleb128 0x1
 1685 0122 12       		.uleb128 0x12
 1686 0123 06       		.uleb128 0x6
 1687 0124 40       		.uleb128 0x40
 1688 0125 18       		.uleb128 0x18
 1689 0126 9642     		.uleb128 0x2116
 1690 0128 19       		.uleb128 0x19
 1691 0129 01       		.uleb128 0x1
 1692 012a 13       		.uleb128 0x13
 1693 012b 00       		.byte	0
 1694 012c 00       		.byte	0
 1695 012d 14       		.uleb128 0x14
 1696 012e 34       		.uleb128 0x34
 1697 012f 00       		.byte	0
 1698 0130 03       		.uleb128 0x3
 1699 0131 0E       		.uleb128 0xe
 1700 0132 3A       		.uleb128 0x3a
 1701 0133 0B       		.uleb128 0xb
 1702 0134 3B       		.uleb128 0x3b
 1703 0135 0B       		.uleb128 0xb
 1704 0136 49       		.uleb128 0x49
 1705 0137 13       		.uleb128 0x13
 1706 0138 02       		.uleb128 0x2
 1707 0139 17       		.uleb128 0x17
 1708 013a 00       		.byte	0
 1709 013b 00       		.byte	0
 1710 013c 15       		.uleb128 0x15
 1711 013d 34       		.uleb128 0x34
 1712 013e 00       		.byte	0
 1713 013f 03       		.uleb128 0x3
ARM GAS  C:\Users\18285\AppData\Local\Temp\cc9RpaCd.s 			page 35


 1714 0140 0E       		.uleb128 0xe
 1715 0141 3A       		.uleb128 0x3a
 1716 0142 0B       		.uleb128 0xb
 1717 0143 3B       		.uleb128 0x3b
 1718 0144 05       		.uleb128 0x5
 1719 0145 49       		.uleb128 0x49
 1720 0146 13       		.uleb128 0x13
 1721 0147 3F       		.uleb128 0x3f
 1722 0148 19       		.uleb128 0x19
 1723 0149 3C       		.uleb128 0x3c
 1724 014a 19       		.uleb128 0x19
 1725 014b 00       		.byte	0
 1726 014c 00       		.byte	0
 1727 014d 16       		.uleb128 0x16
 1728 014e 35       		.uleb128 0x35
 1729 014f 00       		.byte	0
 1730 0150 49       		.uleb128 0x49
 1731 0151 13       		.uleb128 0x13
 1732 0152 00       		.byte	0
 1733 0153 00       		.byte	0
 1734 0154 17       		.uleb128 0x17
 1735 0155 34       		.uleb128 0x34
 1736 0156 00       		.byte	0
 1737 0157 03       		.uleb128 0x3
 1738 0158 08       		.uleb128 0x8
 1739 0159 3A       		.uleb128 0x3a
 1740 015a 0B       		.uleb128 0xb
 1741 015b 3B       		.uleb128 0x3b
 1742 015c 0B       		.uleb128 0xb
 1743 015d 49       		.uleb128 0x49
 1744 015e 13       		.uleb128 0x13
 1745 015f 3F       		.uleb128 0x3f
 1746 0160 19       		.uleb128 0x19
 1747 0161 02       		.uleb128 0x2
 1748 0162 18       		.uleb128 0x18
 1749 0163 00       		.byte	0
 1750 0164 00       		.byte	0
 1751 0165 18       		.uleb128 0x18
 1752 0166 34       		.uleb128 0x34
 1753 0167 00       		.byte	0
 1754 0168 03       		.uleb128 0x3
 1755 0169 0E       		.uleb128 0xe
 1756 016a 3A       		.uleb128 0x3a
 1757 016b 0B       		.uleb128 0xb
 1758 016c 3B       		.uleb128 0x3b
 1759 016d 0B       		.uleb128 0xb
 1760 016e 49       		.uleb128 0x49
 1761 016f 13       		.uleb128 0x13
 1762 0170 3F       		.uleb128 0x3f
 1763 0171 19       		.uleb128 0x19
 1764 0172 02       		.uleb128 0x2
 1765 0173 18       		.uleb128 0x18
 1766 0174 00       		.byte	0
 1767 0175 00       		.byte	0
 1768 0176 19       		.uleb128 0x19
 1769 0177 01       		.uleb128 0x1
 1770 0178 01       		.byte	0x1
ARM GAS  C:\Users\18285\AppData\Local\Temp\cc9RpaCd.s 			page 36


 1771 0179 49       		.uleb128 0x49
 1772 017a 13       		.uleb128 0x13
 1773 017b 01       		.uleb128 0x1
 1774 017c 13       		.uleb128 0x13
 1775 017d 00       		.byte	0
 1776 017e 00       		.byte	0
 1777 017f 1A       		.uleb128 0x1a
 1778 0180 21       		.uleb128 0x21
 1779 0181 00       		.byte	0
 1780 0182 49       		.uleb128 0x49
 1781 0183 13       		.uleb128 0x13
 1782 0184 2F       		.uleb128 0x2f
 1783 0185 0B       		.uleb128 0xb
 1784 0186 00       		.byte	0
 1785 0187 00       		.byte	0
 1786 0188 1B       		.uleb128 0x1b
 1787 0189 2E       		.uleb128 0x2e
 1788 018a 00       		.byte	0
 1789 018b 3F       		.uleb128 0x3f
 1790 018c 19       		.uleb128 0x19
 1791 018d 3C       		.uleb128 0x3c
 1792 018e 19       		.uleb128 0x19
 1793 018f 6E       		.uleb128 0x6e
 1794 0190 0E       		.uleb128 0xe
 1795 0191 03       		.uleb128 0x3
 1796 0192 0E       		.uleb128 0xe
 1797 0193 3A       		.uleb128 0x3a
 1798 0194 0B       		.uleb128 0xb
 1799 0195 3B       		.uleb128 0x3b
 1800 0196 0B       		.uleb128 0xb
 1801 0197 00       		.byte	0
 1802 0198 00       		.byte	0
 1803 0199 1C       		.uleb128 0x1c
 1804 019a 2E       		.uleb128 0x2e
 1805 019b 00       		.byte	0
 1806 019c 3F       		.uleb128 0x3f
 1807 019d 19       		.uleb128 0x19
 1808 019e 3C       		.uleb128 0x3c
 1809 019f 19       		.uleb128 0x19
 1810 01a0 6E       		.uleb128 0x6e
 1811 01a1 0E       		.uleb128 0xe
 1812 01a2 03       		.uleb128 0x3
 1813 01a3 0E       		.uleb128 0xe
 1814 01a4 3A       		.uleb128 0x3a
 1815 01a5 0B       		.uleb128 0xb
 1816 01a6 3B       		.uleb128 0x3b
 1817 01a7 05       		.uleb128 0x5
 1818 01a8 00       		.byte	0
 1819 01a9 00       		.byte	0
 1820 01aa 00       		.byte	0
 1821              		.section	.debug_loc,"",%progbits
 1822              	.Ldebug_loc0:
 1823              	.LLST0:
 1824 0000 00000000 		.4byte	.LVL0
 1825 0004 04000000 		.4byte	.LVL1
 1826 0008 0100     		.2byte	0x1
 1827 000a 50       		.byte	0x50
ARM GAS  C:\Users\18285\AppData\Local\Temp\cc9RpaCd.s 			page 37


 1828 000b 04000000 		.4byte	.LVL1
 1829 000f 28000000 		.4byte	.LFE66
 1830 0013 0100     		.2byte	0x1
 1831 0015 54       		.byte	0x54
 1832 0016 00000000 		.4byte	0
 1833 001a 00000000 		.4byte	0
 1834              	.LLST1:
 1835 001e 00000000 		.4byte	.LVL5
 1836 0022 04000000 		.4byte	.LVL6
 1837 0026 0100     		.2byte	0x1
 1838 0028 50       		.byte	0x50
 1839 0029 04000000 		.4byte	.LVL6
 1840 002d 14000000 		.4byte	.LFE67
 1841 0031 0400     		.2byte	0x4
 1842 0033 F3       		.byte	0xf3
 1843 0034 01       		.uleb128 0x1
 1844 0035 50       		.byte	0x50
 1845 0036 9F       		.byte	0x9f
 1846 0037 00000000 		.4byte	0
 1847 003b 00000000 		.4byte	0
 1848              	.LLST2:
 1849 003f 26000000 		.4byte	.LVL12
 1850 0043 3C000000 		.4byte	.LVL13
 1851 0047 0100     		.2byte	0x1
 1852 0049 50       		.byte	0x50
 1853 004a 4A000000 		.4byte	.LVL15
 1854 004e 6A000000 		.4byte	.LVL16
 1855 0052 0100     		.2byte	0x1
 1856 0054 50       		.byte	0x50
 1857 0055 70000000 		.4byte	.LVL18
 1858 0059 7A000000 		.4byte	.LVL19
 1859 005d 0100     		.2byte	0x1
 1860 005f 50       		.byte	0x50
 1861 0060 00000000 		.4byte	0
 1862 0064 00000000 		.4byte	0
 1863              	.LLST3:
 1864 0068 16000000 		.4byte	.LVL23
 1865 006c 30000000 		.4byte	.LVL27
 1866 0070 0A00     		.2byte	0xa
 1867 0072 9E       		.byte	0x9e
 1868 0073 08       		.uleb128 0x8
 1869 0074 00000000 		.4byte	0
 1870 0078 00000000 		.4byte	0
 1871 007c 48000000 		.4byte	.LVL30
 1872 0080 52000000 		.4byte	.LVL31
 1873 0084 0600     		.2byte	0x6
 1874 0086 50       		.byte	0x50
 1875 0087 93       		.byte	0x93
 1876 0088 04       		.uleb128 0x4
 1877 0089 51       		.byte	0x51
 1878 008a 93       		.byte	0x93
 1879 008b 04       		.uleb128 0x4
 1880 008c 00000000 		.4byte	0
 1881 0090 00000000 		.4byte	0
 1882              		.section	.debug_aranges,"",%progbits
 1883 0000 3C000000 		.4byte	0x3c
 1884 0004 0200     		.2byte	0x2
ARM GAS  C:\Users\18285\AppData\Local\Temp\cc9RpaCd.s 			page 38


 1885 0006 00000000 		.4byte	.Ldebug_info0
 1886 000a 04       		.byte	0x4
 1887 000b 00       		.byte	0
 1888 000c 0000     		.2byte	0
 1889 000e 0000     		.2byte	0
 1890 0010 00000000 		.4byte	.LFB64
 1891 0014 0C000000 		.4byte	.LFE64-.LFB64
 1892 0018 00000000 		.4byte	.LFB66
 1893 001c 28000000 		.4byte	.LFE66-.LFB66
 1894 0020 00000000 		.4byte	.LFB67
 1895 0024 14000000 		.4byte	.LFE67-.LFB67
 1896 0028 00000000 		.4byte	.LFB68
 1897 002c 88000000 		.4byte	.LFE68-.LFB68
 1898 0030 00000000 		.4byte	.LFB65
 1899 0034 F4000000 		.4byte	.LFE65-.LFB65
 1900 0038 00000000 		.4byte	0
 1901 003c 00000000 		.4byte	0
 1902              		.section	.debug_ranges,"",%progbits
 1903              	.Ldebug_ranges0:
 1904 0000 00000000 		.4byte	.LFB64
 1905 0004 0C000000 		.4byte	.LFE64
 1906 0008 00000000 		.4byte	.LFB66
 1907 000c 28000000 		.4byte	.LFE66
 1908 0010 00000000 		.4byte	.LFB67
 1909 0014 14000000 		.4byte	.LFE67
 1910 0018 00000000 		.4byte	.LFB68
 1911 001c 88000000 		.4byte	.LFE68
 1912 0020 00000000 		.4byte	.LFB65
 1913 0024 F4000000 		.4byte	.LFE65
 1914 0028 00000000 		.4byte	0
 1915 002c 00000000 		.4byte	0
 1916              		.section	.debug_line,"",%progbits
 1917              	.Ldebug_line0:
 1918 0000 EB020000 		.section	.debug_str,"MS",%progbits,1
 1918      02004602 
 1918      00000201 
 1918      FB0E0D00 
 1918      01010101 
 1919              	.LASF38:
 1920 0000 75736250 		.ascii	"usbPutChar\000"
 1920      75744368 
 1920      617200
 1921              	.LASF62:
 1922 000b 666C6167 		.ascii	"flag_encoder\000"
 1922      5F656E63 
 1922      6F646572 
 1922      00
 1923              	.LASF43:
 1924 0018 74735F65 		.ascii	"ts_enc\000"
 1924      6E6300
 1925              	.LASF14:
 1926 001f 646F7562 		.ascii	"double\000"
 1926      6C6500
 1927              	.LASF52:
 1928 0026 666C6167 		.ascii	"flag_packet\000"
 1928      5F706163 
 1928      6B657400 
ARM GAS  C:\Users\18285\AppData\Local\Temp\cc9RpaCd.s 			page 39


 1929              	.LASF72:
 1930 0032 50574D5F 		.ascii	"PWM_1_Start\000"
 1930      315F5374 
 1930      61727400 
 1931              	.LASF49:
 1932 003e 666C6167 		.ascii	"flag_ts_speed\000"
 1932      5F74735F 
 1932      73706565 
 1932      6400
 1933              	.LASF33:
 1934 004c 67325F78 		.ascii	"g2_xpos\000"
 1934      706F7300 
 1935              	.LASF2:
 1936 0054 73686F72 		.ascii	"short int\000"
 1936      7420696E 
 1936      7400
 1937              	.LASF61:
 1938 005e 73797374 		.ascii	"system_state\000"
 1938      656D5F73 
 1938      74617465 
 1938      00
 1939              	.LASF10:
 1940 006b 73697A65 		.ascii	"sizetype\000"
 1940      74797065 
 1940      00
 1941              	.LASF74:
 1942 0074 54696D65 		.ascii	"Timer_TS_Start\000"
 1942      725F5453 
 1942      5F537461 
 1942      727400
 1943              	.LASF60:
 1944 0083 75736242 		.ascii	"usbBuffer\000"
 1944      75666665 
 1944      7200
 1945              	.LASF91:
 1946 008d 6D61696E 		.ascii	"main\000"
 1946      00
 1947              	.LASF56:
 1948 0092 6D657373 		.ascii	"message_encoder\000"
 1948      6167655F 
 1948      656E636F 
 1948      64657200 
 1949              	.LASF76:
 1950 00a2 55534255 		.ascii	"USBUART_Start\000"
 1950      4152545F 
 1950      53746172 
 1950      7400
 1951              	.LASF17:
 1952 00b0 75696E74 		.ascii	"uint16\000"
 1952      313600
 1953              	.LASF21:
 1954 00b7 696E6465 		.ascii	"index\000"
 1954      7800
 1955              	.LASF19:
 1956 00bd 696E7431 		.ascii	"int16\000"
 1956      3600
 1957              	.LASF16:
ARM GAS  C:\Users\18285\AppData\Local\Temp\cc9RpaCd.s 			page 40


 1958 00c3 75696E74 		.ascii	"uint8\000"
 1958      3800
 1959              	.LASF32:
 1960 00c9 67315F64 		.ascii	"g1_direction\000"
 1960      69726563 
 1960      74696F6E 
 1960      00
 1961              	.LASF58:
 1962 00d6 6C696E65 		.ascii	"line\000"
 1962      00
 1963              	.LASF79:
 1964 00db 51756164 		.ascii	"QuadDec_M1_GetCounter\000"
 1964      4465635F 
 1964      4D315F47 
 1964      6574436F 
 1964      756E7465 
 1965              	.LASF15:
 1966 00f1 666C6F61 		.ascii	"float\000"
 1966      7400
 1967              	.LASF67:
 1968 00f7 55534255 		.ascii	"USBUART_GetConfiguration\000"
 1968      4152545F 
 1968      47657443 
 1968      6F6E6669 
 1968      67757261 
 1969              	.LASF6:
 1970 0110 6C6F6E67 		.ascii	"long long int\000"
 1970      206C6F6E 
 1970      6720696E 
 1970      7400
 1971              	.LASF37:
 1972 011e 75736250 		.ascii	"usbPutString\000"
 1972      75745374 
 1972      72696E67 
 1972      00
 1973              	.LASF18:
 1974 012b 696E7438 		.ascii	"int8\000"
 1974      00
 1975              	.LASF48:
 1976 0130 666C6167 		.ascii	"flag_ts_update\000"
 1976      5F74735F 
 1976      75706461 
 1976      746500
 1977              	.LASF34:
 1978 013f 67325F79 		.ascii	"g2_ypos\000"
 1978      706F7300 
 1979              	.LASF41:
 1980 0147 656E636F 		.ascii	"encoder_counter\000"
 1980      6465725F 
 1980      636F756E 
 1980      74657200 
 1981              	.LASF25:
 1982 0157 67305F78 		.ascii	"g0_xpos\000"
 1982      706F7300 
 1983              	.LASF28:
 1984 015f 67305F64 		.ascii	"g0_direction\000"
 1984      69726563 
ARM GAS  C:\Users\18285\AppData\Local\Temp\cc9RpaCd.s 			page 41


 1984      74696F6E 
 1984      00
 1985              	.LASF4:
 1986 016c 6C6F6E67 		.ascii	"long int\000"
 1986      20696E74 
 1986      00
 1987              	.LASF84:
 1988 0175 50574D5F 		.ascii	"PWM_1_SaveConfig\000"
 1988      315F5361 
 1988      7665436F 
 1988      6E666967 
 1988      00
 1989              	.LASF50:
 1990 0186 666C6167 		.ascii	"flag_ts_display\000"
 1990      5F74735F 
 1990      64697370 
 1990      6C617900 
 1991              	.LASF51:
 1992 0196 666C6167 		.ascii	"flag_rx\000"
 1992      5F727800 
 1993              	.LASF83:
 1994 019e 50574D5F 		.ascii	"PWM_1_WriteCompare\000"
 1994      315F5772 
 1994      69746543 
 1994      6F6D7061 
 1994      726500
 1995              	.LASF59:
 1996 01b1 656E7472 		.ascii	"entry\000"
 1996      7900
 1997              	.LASF9:
 1998 01b7 6C6F6E67 		.ascii	"long double\000"
 1998      20646F75 
 1998      626C6500 
 1999              	.LASF87:
 2000 01c3 433A5C55 		.ascii	"C:\\Users\\18285\\Desktop\\301\\Project\\301_Motor_"
 2000      73657273 
 2000      5C313832 
 2000      38355C44 
 2000      65736B74 
 2001 01f0 636F6E74 		.ascii	"controller\\Design_301_project.cydsn\000"
 2001      726F6C6C 
 2001      65725C44 
 2001      65736967 
 2001      6E5F3330 
 2002              	.LASF1:
 2003 0214 756E7369 		.ascii	"unsigned char\000"
 2003      676E6564 
 2003      20636861 
 2003      7200
 2004              	.LASF27:
 2005 0222 67305F73 		.ascii	"g0_speed\000"
 2005      70656564 
 2005      00
 2006              	.LASF80:
 2007 022b 73707269 		.ascii	"sprintf\000"
 2007      6E746600 
 2008              	.LASF81:
ARM GAS  C:\Users\18285\AppData\Local\Temp\cc9RpaCd.s 			page 42


 2009 0233 61746F69 		.ascii	"atoi\000"
 2009      00
 2010              	.LASF54:
 2011 0238 64617461 		.ascii	"dataready_flag\000"
 2011      72656164 
 2011      795F666C 
 2011      616700
 2012              	.LASF0:
 2013 0247 7369676E 		.ascii	"signed char\000"
 2013      65642063 
 2013      68617200 
 2014              	.LASF70:
 2015 0253 55534255 		.ascii	"USBUART_GetChar\000"
 2015      4152545F 
 2015      47657443 
 2015      68617200 
 2016              	.LASF7:
 2017 0263 6C6F6E67 		.ascii	"long long unsigned int\000"
 2017      206C6F6E 
 2017      6720756E 
 2017      7369676E 
 2017      65642069 
 2018              	.LASF8:
 2019 027a 756E7369 		.ascii	"unsigned int\000"
 2019      676E6564 
 2019      20696E74 
 2019      00
 2020              	.LASF53:
 2021 0287 666C6167 		.ascii	"flag_KB_string\000"
 2021      5F4B425F 
 2021      73747269 
 2021      6E6700
 2022              	.LASF40:
 2023 0296 75736242 		.ascii	"usbBufCount\000"
 2023      7566436F 
 2023      756E7400 
 2024              	.LASF35:
 2025 02a2 67325F73 		.ascii	"g2_speed\000"
 2025      70656564 
 2025      00
 2026              	.LASF82:
 2027 02ab 50574D5F 		.ascii	"PWM_1_ReadPeriod\000"
 2027      315F5265 
 2027      61645065 
 2027      72696F64 
 2027      00
 2028              	.LASF29:
 2029 02bc 67315F78 		.ascii	"g1_xpos\000"
 2029      706F7300 
 2030              	.LASF3:
 2031 02c4 73686F72 		.ascii	"short unsigned int\000"
 2031      7420756E 
 2031      7369676E 
 2031      65642069 
 2031      6E7400
 2032              	.LASF77:
 2033 02d7 51756164 		.ascii	"QuadDec_M1_SetCounter\000"
ARM GAS  C:\Users\18285\AppData\Local\Temp\cc9RpaCd.s 			page 43


 2033      4465635F 
 2033      4D315F53 
 2033      6574436F 
 2033      756E7465 
 2034              	.LASF88:
 2035 02ed 64617461 		.ascii	"data_main\000"
 2035      5F6D6169 
 2035      6E00
 2036              	.LASF11:
 2037 02f7 63686172 		.ascii	"char\000"
 2037      00
 2038              	.LASF22:
 2039 02fc 726F626F 		.ascii	"robot_xpos\000"
 2039      745F7870 
 2039      6F7300
 2040              	.LASF64:
 2041 0307 7374726C 		.ascii	"strlen\000"
 2041      656E00
 2042              	.LASF13:
 2043 030e 696E7433 		.ascii	"int32_t\000"
 2043      325F7400 
 2044              	.LASF30:
 2045 0316 67315F79 		.ascii	"g1_ypos\000"
 2045      706F7300 
 2046              	.LASF36:
 2047 031e 67325F64 		.ascii	"g2_direction\000"
 2047      69726563 
 2047      74696F6E 
 2047      00
 2048              	.LASF78:
 2049 032b 52465F42 		.ascii	"RF_BT_SELECT_Write\000"
 2049      545F5345 
 2049      4C454354 
 2049      5F577269 
 2049      746500
 2050              	.LASF71:
 2051 033e 73747263 		.ascii	"strcpy\000"
 2051      707900
 2052              	.LASF63:
 2053 0345 55534255 		.ascii	"USBUART_CDCIsReady\000"
 2053      4152545F 
 2053      43444349 
 2053      73526561 
 2053      647900
 2054              	.LASF31:
 2055 0358 67315F73 		.ascii	"g1_speed\000"
 2055      70656564 
 2055      00
 2056              	.LASF66:
 2057 0361 55534255 		.ascii	"USBUART_PutChar\000"
 2057      4152545F 
 2057      50757443 
 2057      68617200 
 2058              	.LASF57:
 2059 0371 64697370 		.ascii	"displaystring\000"
 2059      6C617973 
 2059      7472696E 
ARM GAS  C:\Users\18285\AppData\Local\Temp\cc9RpaCd.s 			page 44


 2059      6700
 2060              	.LASF86:
 2061 037f 6D61696E 		.ascii	"main.c\000"
 2061      2E6300
 2062              	.LASF5:
 2063 0386 6C6F6E67 		.ascii	"long unsigned int\000"
 2063      20756E73 
 2063      69676E65 
 2063      6420696E 
 2063      7400
 2064              	.LASF65:
 2065 0398 55534255 		.ascii	"USBUART_PutData\000"
 2065      4152545F 
 2065      50757444 
 2065      61746100 
 2066              	.LASF39:
 2067 03a8 75736253 		.ascii	"usbStarted\000"
 2067      74617274 
 2067      656400
 2068              	.LASF73:
 2069 03b3 51756164 		.ascii	"QuadDec_M1_Start\000"
 2069      4465635F 
 2069      4D315F53 
 2069      74617274 
 2069      00
 2070              	.LASF89:
 2071 03c4 6973725F 		.ascii	"isr_timer_EncoderCalculation\000"
 2071      74696D65 
 2071      725F456E 
 2071      636F6465 
 2071      7243616C 
 2072              	.LASF45:
 2073 03e1 74735F73 		.ascii	"ts_speed\000"
 2073      70656564 
 2073      00
 2074              	.LASF47:
 2075 03ea 666C6167 		.ascii	"flag_ts_enc\000"
 2075      5F74735F 
 2075      656E6300 
 2076              	.LASF12:
 2077 03f6 5F5F696E 		.ascii	"__int32_t\000"
 2077      7433325F 
 2077      7400
 2078              	.LASF75:
 2079 0400 6973725F 		.ascii	"isr_TS_StartEx\000"
 2079      54535F53 
 2079      74617274 
 2079      457800
 2080              	.LASF26:
 2081 040f 67305F79 		.ascii	"g0_ypos\000"
 2081      706F7300 
 2082              	.LASF46:
 2083 0417 74735F64 		.ascii	"ts_display\000"
 2083      6973706C 
 2083      617900
 2084              	.LASF44:
 2085 0422 74735F75 		.ascii	"ts_update\000"
ARM GAS  C:\Users\18285\AppData\Local\Temp\cc9RpaCd.s 			page 45


 2085      70646174 
 2085      6500
 2086              	.LASF90:
 2087 042c 68616E64 		.ascii	"handle_usb\000"
 2087      6C655F75 
 2087      736200
 2088              	.LASF55:
 2089 0437 666C6167 		.ascii	"flag_rf_transmission_active\000"
 2089      5F72665F 
 2089      7472616E 
 2089      736D6973 
 2089      73696F6E 
 2090              	.LASF23:
 2091 0453 726F626F 		.ascii	"robot_ypos\000"
 2091      745F7970 
 2091      6F7300
 2092              	.LASF68:
 2093 045e 55534255 		.ascii	"USBUART_CDC_Init\000"
 2093      4152545F 
 2093      4344435F 
 2093      496E6974 
 2093      00
 2094              	.LASF42:
 2095 046f 49544D5F 		.ascii	"ITM_RxBuffer\000"
 2095      52784275 
 2095      66666572 
 2095      00
 2096              	.LASF85:
 2097 047c 474E5520 		.ascii	"GNU C11 5.4.1 20160609 (release) [ARM/embedded-5-br"
 2097      43313120 
 2097      352E342E 
 2097      31203230 
 2097      31363036 
 2098 04af 616E6368 		.ascii	"anch revision 237715] -mcpu=cortex-m3 -mthumb -g -O"
 2098      20726576 
 2098      6973696F 
 2098      6E203233 
 2098      37373135 
 2099 04e2 67202D66 		.ascii	"g -ffunction-sections -ffat-lto-objects\000"
 2099      66756E63 
 2099      74696F6E 
 2099      2D736563 
 2099      74696F6E 
 2100              	.LASF20:
 2101 050a 72737369 		.ascii	"rssi\000"
 2101      00
 2102              	.LASF24:
 2103 050f 726F626F 		.ascii	"robot_orientation\000"
 2103      745F6F72 
 2103      69656E74 
 2103      6174696F 
 2103      6E00
 2104              	.LASF69:
 2105 0521 55534255 		.ascii	"USBUART_DataIsReady\000"
 2105      4152545F 
 2105      44617461 
 2105      49735265 
ARM GAS  C:\Users\18285\AppData\Local\Temp\cc9RpaCd.s 			page 46


 2105      61647900 
 2106              		.ident	"GCC: (GNU Tools for ARM Embedded Processors) 5.4.1 20160609 (release) [ARM/embedded-5-bran
