#***************************************************************************

#sjplacer

#Version:            1.1

#Build Date:         Sep  9 2019 11:47:43

#File Generated:     Sep 19 2023 22:28:17

#Purpose:            

#Copyright (C) 2010-2011 by Softjin Technologies Pvt Ltd. All rights reserved.

#***************************************************************************

Executing : D:\PSoC Creator\4.4\PSoC Creator\bin/sjplacer.exe --proj-name Design_301_project --netlist-vh2 Design_301_project_p.vh2 --arch p35_udb4x6 --arch-file D:\PSoC Creator\4.4\PSoC Creator\dev\arch/udbdsi_4x6_24.cydata --ip-file D:\PSoC Creator\4.4\PSoC Creator\dev\psoc5/psoc5lp/ip_blocks.cydata --rrg-file D:\PSoC Creator\4.4\PSoC Creator\dev\psoc5/psoc5lp/route_arch-rrg.cydata --irq-file D:\PSoC Creator\4.4\PSoC Creator\dev\psoc5/psoc5lp/irqconn.cydata --drq-file D:\PSoC Creator\4.4\PSoC Creator\dev\psoc5/psoc5lp/dmaconn.cydata --dsi-conn-file D:\PSoC Creator\4.4\PSoC Creator\dev\psoc5/psoc5lp/dsiconn.cydata --pins-file pins_68-QFN.xml --lib-file Design_301_project_p.lib --sdc-file Design_301_project.sdc --io-pcf Design_301_project.pci --outdir .

		Softjin Techologies Placer, Version 1.1

Build Date : Sep  9 2019	11:45:12

D2004: Option and Settings Summary
=============================================================
Netlist vh2 file          - Design_301_project_p.vh2
Architecture file         - D:\PSoC Creator\4.4\PSoC Creator\dev\arch/udbdsi_4x6_24.cydata
Package                   - 
Defparam file             - 
SDC file                  - Design_301_project.sdc
Output directory          - .
Timing library            - Design_301_project_p.lib
IO Placement file         - Design_301_project.pci

D2050: Starting reading inputs for placer
=============================================================
D2065: Reading netlist file : "Design_301_project_p.vh2"
D2065: Reading arch file : "D:\PSoC Creator\4.4\PSoC Creator\dev\arch/udbdsi_4x6_24.cydata"
D2051: Reading of inputs for placer completed successfully

D2053: Starting placement of the design
=============================================================

Phase 2
Phase 3

Design Statistics after Packing
    Number of Combinational MCs 	:	27
    Number of Sequential MCs    	:	54
    Number of DPs               	:	7
    Number of Controls          	:	5
    Number of Status            	:	6
    Number of SyncCells         	:	0
    Number of count7cells       	:	1

Device Utilization Summary after Packing
    Macrocells                  :	81/192
    UDBS                        :	14/24
    IOs                         :	27/72


D2088: Phase 3, elapsed time : 0.0 (sec)

Phase 4
D2088: Phase 4, elapsed time : 0.0 (sec)

Phase 5
D2088: Phase 5, elapsed time : 0.0 (sec)

Phase 6

######################################################################
Placement Timing Summary

The timing summary is based on estimated routing delays after
placement. For final timing report, please carry out the timing
analysis after routing.
======================================================================

######################################################################
                     Clock Summary 
======================================================================
Number of clocks: 11
Clock: Clock2               | Frequency: N/A       | Target:   0.0 MHz
Clock: Clock2(fixed-function) | Frequency: N/A       | Target:   0.0 MHz
Clock: Clock_PWM            | Frequency: N/A       | Target:   1.0 MHz
Clock: Clock_PWM(fixed-function) | Frequency: N/A       | Target:   1.0 MHz
Clock: Clock_QENC           | Frequency:  36.3 MHz | Target:  12.0 MHz
Clock: CyBUS_CLK            | Frequency:  44.1 MHz | Target:  24.0 MHz
Clock: CyILO                | Frequency: N/A       | Target:   0.1 MHz
Clock: CyIMO                | Frequency: N/A       | Target:  24.0 MHz
Clock: CyMASTER_CLK         | Frequency: N/A       | Target:  24.0 MHz
Clock: CyPLL_OUT            | Frequency: N/A       | Target:  24.0 MHz
Clock: UART_IntClock        | Frequency:  44.1 MHz | Target:   0.5 MHz

======================================================================
                     End of Clock Summary
######################################################################

D2088: Phase 6, elapsed time : 0.0 (sec)

Phase 7
######################################################################
                     Clock Summary 
======================================================================
Number of clocks: 11
Clock: Clock2               | Frequency: N/A       | Target:   0.0 MHz
Clock: Clock2(fixed-function) | Frequency: N/A       | Target:   0.0 MHz
Clock: Clock_PWM            | Frequency: N/A       | Target:   1.0 MHz
Clock: Clock_PWM(fixed-function) | Frequency: N/A       | Target:   1.0 MHz
Clock: Clock_QENC           | Frequency:  39.9 MHz | Target:  12.0 MHz
Clock: CyBUS_CLK            | Frequency:   2.1 MHz | Target:  24.0 MHz
Clock: CyILO                | Frequency: N/A       | Target:   0.1 MHz
Clock: CyIMO                | Frequency: N/A       | Target:  24.0 MHz
Clock: CyMASTER_CLK         | Frequency: N/A       | Target:  24.0 MHz
Clock: CyPLL_OUT            | Frequency: N/A       | Target:  24.0 MHz
Clock: UART_IntClock        | Frequency:   2.1 MHz | Target:   0.5 MHz

======================================================================
                     End of Clock Summary
######################################################################
D2088: Phase 7, elapsed time : 0.4 (sec)

Final Design Statistics
    Number of Combinational MCs 	:	27
    Number of Sequential MCs    	:	54
    Number of DPs               	:	7
    Number of Controls          	:	5
    Number of Status            	:	6
    Number of SyncCells         	:	0
    Number of count7cells       	:	1
    Number of IOs       	:	27

Device Utilization Summary
    Macrocells                  :	81/192
    IOs                         :	27/72



######################################################################
Placement Timing Summary

The timing summary is based on estimated routing delays after
placement. For final timing report, please carry out the timing
analysis after routing.
======================================================================


######################################################################
                     Clock Summary 
======================================================================
Number of clocks: 11
Clock: Clock2               | Frequency: N/A       | Target:   0.0 MHz
Clock: Clock2(fixed-function) | Frequency: N/A       | Target:   0.0 MHz
Clock: Clock_PWM            | Frequency: N/A       | Target:   1.0 MHz
Clock: Clock_PWM(fixed-function) | Frequency: N/A       | Target:   1.0 MHz
Clock: Clock_QENC           | Frequency:  39.9 MHz | Target:  12.0 MHz
Clock: CyBUS_CLK            | Frequency:   2.1 MHz | Target:  24.0 MHz
Clock: CyILO                | Frequency: N/A       | Target:   0.1 MHz
Clock: CyIMO                | Frequency: N/A       | Target:  24.0 MHz
Clock: CyMASTER_CLK         | Frequency: N/A       | Target:  24.0 MHz
Clock: CyPLL_OUT            | Frequency: N/A       | Target:  24.0 MHz
Clock: UART_IntClock        | Frequency:   2.1 MHz | Target:   0.5 MHz

======================================================================
                     End of Clock Summary
######################################################################

Phase 6

######################################################################
Placement Timing Summary

The timing summary is based on estimated routing delays after
placement. For final timing report, please carry out the timing
analysis after routing.
======================================================================

######################################################################
                     Clock Summary 
======================================================================
Number of clocks: 11
Clock: Clock2               | Frequency: N/A       | Target:   0.0 MHz
Clock: Clock2(fixed-function) | Frequency: N/A       | Target:   0.0 MHz
Clock: Clock_PWM            | Frequency: N/A       | Target:   1.0 MHz
Clock: Clock_PWM(fixed-function) | Frequency: N/A       | Target:   1.0 MHz
Clock: Clock_QENC           | Frequency:  36.3 MHz | Target:  12.0 MHz
Clock: CyBUS_CLK            | Frequency:   2.1 MHz | Target:  24.0 MHz
Clock: CyILO                | Frequency: N/A       | Target:   0.1 MHz
Clock: CyIMO                | Frequency: N/A       | Target:  24.0 MHz
Clock: CyMASTER_CLK         | Frequency: N/A       | Target:  24.0 MHz
Clock: CyPLL_OUT            | Frequency: N/A       | Target:  24.0 MHz
Clock: UART_IntClock        | Frequency:   2.1 MHz | Target:   0.5 MHz

======================================================================
                     End of Clock Summary
######################################################################

D2088: Phase 6, elapsed time : 0.0 (sec)

Phase 7
######################################################################
                     Clock Summary 
======================================================================
Number of clocks: 11
Clock: Clock2               | Frequency: N/A       | Target:   0.0 MHz
Clock: Clock2(fixed-function) | Frequency: N/A       | Target:   0.0 MHz
Clock: Clock_PWM            | Frequency: N/A       | Target:   1.0 MHz
Clock: Clock_PWM(fixed-function) | Frequency: N/A       | Target:   1.0 MHz
Clock: Clock_QENC           | Frequency:  34.3 MHz | Target:  12.0 MHz
Clock: CyBUS_CLK            | Frequency:   2.1 MHz | Target:  24.0 MHz
Clock: CyILO                | Frequency: N/A       | Target:   0.1 MHz
Clock: CyIMO                | Frequency: N/A       | Target:  24.0 MHz
Clock: CyMASTER_CLK         | Frequency: N/A       | Target:  24.0 MHz
Clock: CyPLL_OUT            | Frequency: N/A       | Target:  24.0 MHz
Clock: UART_IntClock        | Frequency:   2.1 MHz | Target:   0.5 MHz

======================================================================
                     End of Clock Summary
######################################################################
D2088: Phase 7, elapsed time : 0.7 (sec)

Final Design Statistics
    Number of Combinational MCs 	:	27
    Number of Sequential MCs    	:	54
    Number of DPs               	:	7
    Number of Controls          	:	5
    Number of Status            	:	6
    Number of SyncCells         	:	0
    Number of count7cells       	:	1
    Number of IOs       	:	27

Device Utilization Summary
    Macrocells                  :	81/192
    IOs                         :	27/72



######################################################################
Placement Timing Summary

The timing summary is based on estimated routing delays after
placement. For final timing report, please carry out the timing
analysis after routing.
======================================================================


######################################################################
                     Clock Summary 
======================================================================
Number of clocks: 11
Clock: Clock2               | Frequency: N/A       | Target:   0.0 MHz
Clock: Clock2(fixed-function) | Frequency: N/A       | Target:   0.0 MHz
Clock: Clock_PWM            | Frequency: N/A       | Target:   1.0 MHz
Clock: Clock_PWM(fixed-function) | Frequency: N/A       | Target:   1.0 MHz
Clock: Clock_QENC           | Frequency:  32.6 MHz | Target:  12.0 MHz
Clock: CyBUS_CLK            | Frequency:   2.3 MHz | Target:  24.0 MHz
Clock: CyILO                | Frequency: N/A       | Target:   0.1 MHz
Clock: CyIMO                | Frequency: N/A       | Target:  24.0 MHz
Clock: CyMASTER_CLK         | Frequency: N/A       | Target:  24.0 MHz
Clock: CyPLL_OUT            | Frequency: N/A       | Target:  24.0 MHz
Clock: UART_IntClock        | Frequency:   2.3 MHz | Target:   0.5 MHz

======================================================================
                     End of Clock Summary
######################################################################

Phase 8
D2088: Phase 8, elapsed time : 0.0 (sec)

D2054: Placement of the design completed successfully

I2076: Total run-time: 1.7 sec.

